 end of gkps   3.5374066766552062E-013
 after field        54639        66048        66048   3.5497653815340714E-013
 end of gkps   1.8949518481647783E-002
 after field        54593        66048        66048   1.8939347232510947E-002
 before cpush 1        54593        66048        66048 
  -3.7643130860897807E-003
 before cpush 1        54593        66048        66048 
  -3.7643130860897807E-003
 end of gkps   8.5946427220712669E-003
 after field        54580        66048        66048   8.5813541551433229E-003
 end of gkps   1.7168166370889595E-002
 after field        54567        66048        66048   1.7153041807712485E-002
 before cpush 1        54567        66048        66048 
  -3.7712419193939401E-003
 before cpush 1        54567        66048        66048 
  -3.7712419193939401E-003
 end of gkps   2.5398626280645860E-003
 after field        54543        66048        66048   2.5327972777201262E-003
 end of gkps   1.5474930073907808E-002
 after field        54551        66048        66048   1.5469965573268345E-002
 before cpush 1        54551        66048        66048 
  -3.7893666046952385E-003
 before cpush 1        54551        66048        66048 
  -3.7893666046952385E-003
 end of gkps  -3.2562407763188795E-003
 after field        54534        66048        66048  -3.2671049137961428E-003
 end of gkps   5.0413678604193275E-003
 after field        54512        66048        66048   5.0386244623841780E-003
 before cpush 1        54512        66048        66048 
  -3.8211818392164493E-003
 before cpush 1        54512        66048        66048 
  -3.8211818392164493E-003
 end of gkps  -4.1123150234246494E-003
 after field        54504        66048        66048  -4.1159362626524065E-003
 end of gkps   3.4541813111118413E-003
 after field        54430        66048        66048   3.4519958567269318E-003
 before cpush 1        54430        66048        66048 
  -3.8646885415813091E-003
 before cpush 1        54430        66048        66048 
  -3.8646885415813091E-003
 end of gkps  -8.7842234932773559E-004
 after field        54434        66048        66048  -8.8474517609296068E-004
 end of gkps   1.5881516894138616E-002
 after field        54415        66048        66048   1.5874469736004246E-002
 before cpush 1        54415        66048        66048 
  -3.9191286914150511E-003
 before cpush 1        54415        66048        66048 
  -3.9191286914150511E-003
 end of gkps  -1.2115168004875365E-002
 after field        54450        66048        66048  -1.2113496006559704E-002
 end of gkps   5.1497368245553080E-003
 after field        54442        66048        66048   5.1429371541494920E-003
 before cpush 1        54442        66048        66048 
  -3.9865279521861452E-003
 before cpush 1        54442        66048        66048 
  -3.9865279521861452E-003
 end of gkps  -1.0453802220888382E-002
 after field        54455        66048        66048  -1.0454262281220672E-002
 end of gkps   7.9868621767703353E-003
 after field        54477        66048        66048   7.9896698798811745E-003
 before cpush 1        54477        66048        66048 
  -4.0668718382555176E-003
 before cpush 1        54477        66048        66048 
  -4.0668718382555176E-003
 end of gkps  -1.7470226035832818E-002
 after field        54439        66048        66048  -1.7472045569735039E-002
 end of gkps  -1.3957127156492457E-003
 after field        54435        66048        66048  -1.3929453750390474E-003
 before cpush 1        54435        66048        66048 
  -4.1598662138361319E-003
 before cpush 1        54435        66048        66048 
  -4.1598662138361319E-003
 end of gkps  -2.5433119574623200E-002
 after field        54453        66048        66048  -2.5432187884712201E-002
 end of gkps  -1.2150034727231428E-002
 after field        54433        66048        66048  -1.2161981828682927E-002
 before cpush 1        54433        66048        66048 
  -4.2637233006254946E-003
 before cpush 1        54433        66048        66048 
  -4.2637233006254946E-003
