 total MPI=            8  ntube=            1  particle per MPI=        66048 
        66048
  -9.0949470177292824E-013   1.1460090782575622E-014  -1.2271846303073670E-002
 dt,beta=     32.36611922270230        1.2195530804907236E-002
 amp,vpp,yd0 =    9.9999999999999998E-013    0.000000000000000      
    0.000000000000000     
 peritr,ifluid=             0            0
 tor,nonlin=     1.000000000000000                 1            1
 isuni=             0 amie=     1835.466660000000     
 kxcut,kycut,bcut=    0.2790349390931968        2.9823424198553751E-002 
    3000.000000000000     
 fradi,isg=     1.000000000000000         1.000000000000000     
 llk,mlk,onemd =            0            1            1
 vwidth (i,e), vcut=     8.000000000000000         8.000000000000000      
    15.00000000000000     
 rneu=     0.000000000000000     
 V-ExB switch=     0.000000000000000     
 V-parallel switch=     0.000000000000000     
 mm1=         66048
 pzcrite,encrit =     13.12507333974200         1.000000000000000     
 nue0 =     1.000000000000000         1.000000000000000      
    1.000000000000000     
 xn0e(1),xnir0 =     1.259257238570656         0.000000000000000     
 frequ, eru =     0.000000000000000         0.000000000000000     
 lxa,lymult,delra,r0a,rina,routa=   0.8600000000000000      
    2.000000000000000        5.0000000000000003E-002   0.5300000000000000      
   0.1000000000000000        0.9600000000000000     
 a,r0,rmaj0,q0,lx,ly,lz=    183.0854584038953         97.03529295406453      
    542.9878083918395        -1.315420320000000         157.4534942273500      
    231.7474945828893         4487.810323669831     
 t0,kyrhoi_local=   0.6032766210000000        2.9780916994334806E-002
 coefu =     0.000000000000000     
 ktheta*rhos =    2.9780916994334806E-002
 cs/a, q0, q0p, s^hat =    2.9997799499929889E-003   -1.315420320000000      
   6.0000000000000001E-003  -0.4426051117443489     
 rho* = rhos/a =    5.9995598999859779E-003
 f0p,psip(nr/2),Bunit,candyf0p =     0.000000000000000      
   -105.5991628023555         0.000000000000000         0.000000000000000     
 lxa min =   -0.4551608525320235     
 t0i(nr/2)=    0.6032766210000000     
 Gyrokrs =                        Inf
 omp_num_threads=            1
 cn0s=   0.7658063836858312         0.000000000000000      
    0.000000000000000        1.0609978954826362E-313   1.2731974745791634E-313
 totvol,jacp,dum2=    226160705.1303338         2850.525946958880      
    2857.348312671389     
 after write totvol
 after cut
 before blendf
 after blendf
 after initialize
 lr0,lx,rin,a    97.03529295406453         157.4534942273500      
    18.30854584038953         183.0854584038953     
 before grid1   9.2329999999999995E-006
 after grid1   9.7523140999999994E-002
 end accumu   9.7528358999999995E-002
 after den0_phi   9.9369899999999997E-002
 after field solver    6.829330326000000     
 after field    6.829332765000000     
 after rmsphi    6.829355454000000     
 with filter    6.829953185000000     
      0   0.22009741E-12   0.00000000E+00   0.00000000E+00   0.00000000E+00   0.00000000E+00   0.00000000E+00   0.00000000E+00   0.00000000E+00   0.52755407E-09   0.81388392E-11   0.52761685E-09
 before ppush    6.846966867000000     
 ppush 1    6.849753973000000     
 ppush point 2    6.912947305000000     
 ppush point 2.0    6.912967905000000     
 after test pmove 0    6.913040276000000     
 after test pmove 1.1    6.913466088000000     
 after test pmove 1.2    6.913501656000000     
 after test pmove 1.3    6.913502724000000     
 after test pmove 1.4    6.913503461000000     
 after test pmove 2.0    6.913532882000000     
 after test pmove 2.1    6.913538660000000     
 after test pmove 3    6.914008759000000     
 ppush point 2.1    6.914015448000000     
 pmove part2    8.7664999999681470E-005
 pmove part3    3.0390000000934947E-006
 ppush point 2.2    6.914230262000000     
 pmove part2    3.2609999998101102E-006
 pmove part3    1.7500000000225668E-006
 pmove part2    3.1389999994857476E-006
 pmove part3    2.0819999999588390E-006
 pmove part2    9.2700000005052630E-006
 pmove part3    1.1320000004033659E-006
 pmove part2    2.8529999998028188E-006
 pmove part3    1.2249999992164362E-006
 pmove part2    2.8560000000510399E-006
 pmove part3    1.3100000000321188E-006
 pmove part2    1.6943999999519122E-005
 pmove part3    1.3270000005505267E-006
 pmove part2    2.7550000005760467E-006
 pmove part3    1.8710000002641891E-006
 pmove part2    6.1749999993310212E-006
 pmove part3    1.2219999998563935E-006
 pmove part2    7.9709999996069314E-006
 pmove part3    1.5720000003938139E-006
 pmove part2    7.9880000001253393E-006
 pmove part3    1.7300000001441163E-006
 pmove part2    3.3670000005869838E-006
 pmove part3    1.8769999998724529E-006
 pmove part2    2.9299999999565784E-006
 pmove part3    1.4820000000526079E-006
 pmove part2    3.2800000004939989E-006
 pmove part3    1.4519999993467536E-006
 pmove part2    2.6879999994733339E-006
 pmove part3    1.4359999997992645E-006
 pmove part2    6.0400000005955690E-006
 pmove part3    1.7610000000445325E-006
 pmove part2    5.6549999998267708E-006
 pmove part3    1.4039999998161079E-006
 pmove part2    3.0149999998840826E-006
 pmove part3    1.2780000000489622E-006
 pmove part2    2.7139999998482267E-006
 pmove part3    1.5090000005102411E-006
 ppush point 3    6.915063208000000     
 after ppush    6.915065011000000     
 after cpush    6.915065803000000     
 before grid1    6.915070656000000     
 after grid1    6.927465545000000     
 end accumu    6.927471739000000     
 after den0_phi    6.929007265000000     
 after field solver    6.931062179000000     
 after field    6.931063333000000     
 after rmsphi    6.931076497000000     
 with filter    6.931570159000000     
 before ppush    6.931811350000000     
 after ppush    6.931812255000000     
 after cpush 2
 after cpush 3
 after test pmove 0    6.959892437000000     
 after test pmove 1.1    6.960319715000000     
 after test pmove 1.2    6.960355464000000     
 after test pmove 1.3    6.960356379000000     
 after test pmove 1.4    6.960357155000000     
 after test pmove 2.0    6.960388675000000     
 after test pmove 2.1    6.960390256000000     
 after test pmove 3    6.960804075000000     
 pmove part2    6.0170000004688973E-006
 pmove part3    1.3149999995576422E-006
 pmove part2    2.6889999995560743E-006
 pmove part3    1.0880000003155033E-006
 pmove part2    1.6146000000105687E-005
 pmove part3    1.0789999995708399E-006
 pmove part2    2.7410000003058599E-006
 pmove part3    1.6949999999127385E-006
 pmove part2    2.6379999997772074E-006
 pmove part3    1.0520000000013852E-006
 pmove part2    8.0450000004006483E-006
 pmove part3    8.6699999979344966E-007
 pmove part2    2.9359999995648423E-006
 pmove part3    1.2090000005571255E-006
 pmove part2    2.9200000000173532E-006
 pmove part3    1.0399999998966791E-006
 pmove part2    2.9320000001220592E-006
 pmove part3    1.8290000003418072E-006
 pmove part2    3.1580000001696362E-006
 pmove part3    1.0619999999406105E-006
 pmove part2    2.7119999996827460E-006
 pmove part3    1.3650000001419471E-006
 pmove part2    2.8649999999075249E-006
 pmove part3    1.1369999999288893E-006
 pmove part2    2.6760000002568063E-006
 pmove part3    1.3690000004729086E-006
 pmove part2    6.6440000008327615E-006
 pmove part3    1.0910000005637244E-006
 pmove part2    2.4259999999998172E-006
 pmove part3    1.9470000003352084E-006
 pmove part2    2.5719999996454135E-006
 pmove part3    1.2900000001536682E-006
 pmove part2    2.6679999995948833E-006
 pmove part3    1.2610000004187327E-006
 pmove part2    2.5219999999492870E-006
 pmove part3    1.0839999999845418E-006
 pmove part2    2.5380000003849545E-006
 pmove part3    1.1979999996469815E-006
 after cpush 3
 after cpush    6.961623427000000     
 before grid1    6.961712683000000     
 after grid1    6.974157387000000     
 end accumu    6.974174563000000     
 after den0_phi    6.975593438000000     
 after field solver    6.977507048000000     
 after field    6.977508064000000     
 after rmsphi    6.977520480000000     
 with filter    6.978017019000000     
     32   0.55269131E-02   0.00000000E+00   0.00000000E+00   0.00000000E+00   0.39703861E-12  -0.12443862E-11   0.19191620E-02   0.00000000E+00   0.11824871E-01   0.42444636E-01   0.44061034E-01
 before ppush    6.980797337000000     
 ppush 1    6.980801125000000     
 ppush point 2    7.005804591000000     
 ppush point 2.0    7.005845650000000     
 after test pmove 0    7.005847432000000     
 after test pmove 1.1    7.006267460000000     
 after test pmove 1.2    7.006305706000000     
 after test pmove 1.3    7.006306623000000     
 after test pmove 1.4    7.006307392000000     
 after test pmove 2.0    7.006336595000000     
 after test pmove 2.1    7.006338299000000     
 after test pmove 3    7.006756899000000     
 ppush point 2.1    7.006763692000000     
 pmove part2    4.6129999997646109E-006
 pmove part3    1.2009999998952026E-006
 ppush point 2.2    7.006824025000000     
 pmove part2    2.7710000001235358E-006
 pmove part3    1.5379999993569982E-006
 pmove part2    2.8189999996541815E-006
 pmove part3    1.0709999997970954E-006
 pmove part2    3.3440000004603121E-006
 pmove part3    1.6110000000679747E-006
 pmove part2    3.0339999996797928E-006
 pmove part3    1.2549999999222905E-006
 pmove part2    3.2130000002794645E-006
 pmove part3    7.9700000021887263E-007
 pmove part2    2.8929999995597200E-006
 pmove part3    1.8339999998673306E-006
 pmove part2    3.2269999996614729E-006
 pmove part3    1.1350000006515870E-006
 pmove part2    2.7730000002890165E-006
 pmove part3    1.6839999998907729E-006
 pmove part2    2.6649999993466622E-006
 pmove part3    1.1099999994712562E-006
 pmove part2    2.6619999999866195E-006
 pmove part3    1.4209999994463374E-006
 pmove part2    3.3470000007085332E-006
 pmove part3    2.0300000000972318E-006
 pmove part2    2.6649999993466622E-006
 pmove part3    1.2920000003191490E-006
 pmove part2    3.2480000005108423E-006
 pmove part3    1.4320000003564815E-006
 pmove part2    2.7530000004105659E-006
 pmove part3    1.3220000001368248E-006
 pmove part2    2.7369999999748984E-006
 pmove part3    1.4530000003176724E-006
 pmove part2    2.5900000002465617E-006
 pmove part3    1.4489999999867109E-006
 pmove part2    2.4480000000437485E-006
 pmove part3    1.3900000004340995E-006
 pmove part2    2.6320000001689436E-006
 pmove part3    1.0930000007292051E-006
 ppush point 3    7.007500163000000     
 after ppush    7.007501778000000     
 after cpush    7.007502572000000     
 before grid1    7.007506626000000     
 after grid1    7.019791958000000     
 end accumu    7.019797147000000     
 after den0_phi    7.021209465000000     
 after field solver    7.023162474000000     
 after field    7.023163461000000     
 after rmsphi    7.023176279000000     
 with filter    7.023642207000000     
 before ppush    7.023876852000000     
 after ppush    7.023877771000000     
 after cpush 2
 after cpush 3
 after test pmove 0    7.050581476000000     
 after test pmove 1.1    7.051005189000000     
 after test pmove 1.2    7.051040540000000     
 after test pmove 1.3    7.051041480000000     
 after test pmove 1.4    7.051042250000000     
 after test pmove 2.0    7.051074704000000     
 after test pmove 2.1    7.051076285000000     
 after test pmove 3    7.051491983000000     
 pmove part2    5.7550000001072021E-006
 pmove part3    1.1830000001822327E-006
 pmove part2    3.3820000000517325E-006
 pmove part3    1.4669999996996808E-006
 pmove part2    2.4109999996468900E-006
 pmove part3    1.1269999999896640E-006
 pmove part2    2.6819999998650701E-006
 pmove part3    1.5919999993840861E-006
 pmove part2    2.7200000003446689E-006
 pmove part3    1.2400000004575418E-006
 pmove part2    2.6149999996505358E-006
 pmove part3    7.7000000064941787E-007
 pmove part2    2.9810000006236237E-006
 pmove part3    1.7200000002048910E-006
 pmove part2    2.9509999999177694E-006
 pmove part3    1.4659999996169404E-006
 pmove part2    2.7810000000627610E-006
 pmove part3    1.3540000001199815E-006
 pmove part2    2.7060000000744822E-006
 pmove part3    1.2199999996909128E-006
 pmove part2    3.0420000003417158E-006
 pmove part3    1.2649999998615158E-006
 pmove part2    2.7420000003886003E-006
 pmove part3    1.2869999999054471E-006
 pmove part2    3.3000000003724494E-006
 pmove part3    1.2900000001536682E-006
 pmove part2    2.8600000003820014E-006
 pmove part3    1.2420000006230225E-006
 pmove part2    2.8119999999631773E-006
 pmove part3    1.5590000002063675E-006
 pmove part2    2.5299999997230316E-006
 pmove part3    1.2570000000877712E-006
 pmove part2    3.0710000000766513E-006
 pmove part3    1.3530000000372411E-006
 pmove part2    2.9680000004361773E-006
 pmove part3    1.3860000001031381E-006
 pmove part2    2.4540000005401907E-006
 pmove part3    1.2749999998007411E-006
 after cpush 3
 after cpush    7.052196585000000     
 before grid1    7.052206904000000     
 after grid1    7.064541290000000     
 end accumu    7.064546320000000     
 after den0_phi    7.065934840000000     
 after field solver    7.067864330000000     
 after field    7.067865347000000     
 after rmsphi    7.067877798000000     
 with filter    7.068368299000000     
     64   0.19706237E-02   0.00000000E+00   0.00000000E+00   0.00000000E+00  -0.67790297E-13  -0.26861437E-11   0.20965570E-02   0.00000000E+00  -0.35841163E-01   0.28163795E-01   0.45582764E-01
 before ppush    7.070661530000000     
 ppush 1    7.070665123000000     
 ppush point 2    7.095840344000000     
 ppush point 2.0    7.095857699000000     
 after test pmove 0    7.095859391000000     
 after test pmove 1.1    7.096292479000000     
 after test pmove 1.2    7.096327738000000     
 after test pmove 1.3    7.096328481000000     
 after test pmove 1.4    7.096329280000000     
 after test pmove 2.0    7.096361348000000     
 after test pmove 2.1    7.096363156000000     
 after test pmove 3    7.096781521000000     
 ppush point 2.1    7.096785536000000     
 pmove part2    5.3500000003481318E-006
 pmove part3    1.1560000006127780E-006
 ppush point 2.2    7.096849697000000     
 pmove part2    2.6870000002787719E-006
 pmove part3    1.2089999996689471E-006
 pmove part2    2.7349999998094177E-006
 pmove part3    1.1009999996147712E-006
 pmove part2    2.7889999998365056E-006
 pmove part3    1.7290000000613759E-006
 pmove part2    2.5849999998328599E-006
 pmove part3    1.3000000000928935E-006
 pmove part2    2.8549999999682996E-006
 pmove part3    8.7999999998089606E-007
 pmove part2    3.2590000005328079E-006
 pmove part3    1.4280000000255200E-006
 pmove part2    2.8979999999734218E-006
 pmove part3    1.3450000002634965E-006
 pmove part2    2.8539999998855592E-006
 pmove part3    1.1479999999508550E-006
 pmove part2    3.1590000002523766E-006
 pmove part3    1.1109999995539965E-006
 pmove part2    3.2909999996277861E-006
 pmove part3    1.2339999999610995E-006
 pmove part2    3.3390000000466102E-006
 pmove part3    1.3259999995796079E-006
 pmove part2    2.7500000001623448E-006
 pmove part3    1.1550000005300376E-006
 pmove part2    2.9010000002216429E-006
 pmove part3    1.1920000000387176E-006
 pmove part2    2.5470000002414395E-006
 pmove part3    1.7589999998790518E-006
 pmove part2    2.7380000000576388E-006
 pmove part3    1.1989999997297218E-006
 pmove part2    2.7419999995004218E-006
 pmove part3    1.1129999997194773E-006
 pmove part2    2.8859999998687158E-006
 pmove part3    1.2510000004795074E-006
 pmove part2    3.0849999994586597E-006
 pmove part3    1.1010000005029497E-006
 ppush point 3    7.097541405000000     
 after ppush    7.097542817000000     
 after cpush    7.097543447000000     
 before grid1    7.097547443000000     
 after grid1    7.109755879000000     
 end accumu    7.109761140000000     
 after den0_phi    7.111155058000000     
 after field solver    7.113059376000000     
 after field    7.113060446000000     
 after rmsphi    7.113074003000000     
 with filter    7.113547374000000     
 before ppush    7.113783739000000     
 after ppush    7.113784643000000     
 after cpush 2
 after cpush 3
 after test pmove 0    7.139485986000000     
 after test pmove 1.1    7.140085623000000     
 after test pmove 1.2    7.140130326000000     
 after test pmove 1.3    7.140142494000000     
 after test pmove 1.4    7.140143550000000     
 after test pmove 2.0    7.140186866000000     
 after test pmove 2.1    7.140188903000000     
 after test pmove 3    7.140432070000000     
 pmove part2    7.1180000000836685E-006
 pmove part3    1.8569999999940023E-006
 pmove part2    3.8930000005876764E-006
 pmove part3    1.3680000003901682E-006
 pmove part2    3.8760000000692685E-006
 pmove part3    1.4059999999815886E-006
 pmove part2    3.9769999995442618E-006
 pmove part3    1.4729999993079446E-006
 pmove part2    4.0090000004155968E-006
 pmove part3    1.6099999999852344E-006
 pmove part2    3.8939999997822383E-006
 pmove part3    1.3909999996286615E-006
 pmove part2    3.8540000000253372E-006
 pmove part3    1.5189999995612880E-006
 pmove part2    3.8450000001688522E-006
 pmove part3    2.2579999994221112E-006
 pmove part2    4.3050000000377509E-006
 pmove part3    1.7589999998790518E-006
 pmove part2    3.9290000000136160E-006
 pmove part3    1.6110000000679747E-006
 pmove part2    3.7320000005891529E-006
 pmove part3    1.5869999998585627E-006
 pmove part2    4.4560000000970490E-006
 pmove part3    2.0379999998709764E-006
 pmove part2    3.9210000002398715E-006
 pmove part3    1.6630000008177603E-006
 pmove part2    3.7459999999711613E-006
 pmove part3    1.8399999994755944E-006
 pmove part2    3.9119999994952082E-006
 pmove part3    1.5299999995832536E-006
 pmove part2    3.8670000002127836E-006
 pmove part3    1.6729999998688072E-006
 pmove part2    3.7369999992264979E-006
 pmove part3    1.6999999994382620E-006
 pmove part2    3.4539999997917903E-006
 pmove part3    2.2880000001279654E-006
 pmove part2    4.1040000002823263E-006
 pmove part3    1.8430000006119940E-006
 after cpush 3
 after cpush    7.141192428000000     
 before grid1    7.141200441000000     
 after grid1    7.153309690000000     
 end accumu    7.153314463000000     
 after den0_phi    7.154714959000000     
 after field solver    7.156622136000000     
 after field    7.156623119000000     
 after rmsphi    7.156639386000000     
 with filter    7.157126608000000     
     97   0.24625753E-02   0.00000000E+00   0.00000000E+00   0.00000000E+00   0.30499767E-12  -0.44969330E-11   0.23737193E-02   0.00000000E+00   0.25762446E-01   0.60714166E-01   0.65953874E-01
 before ppush    7.159329345000000     
 ppush 1    7.159332942000000     
 ppush point 2    7.183592792000000     
 ppush point 2.0    7.183616248000000     
 after test pmove 0    7.183618206000000     
 after test pmove 1.1    7.184037286000000     
 after test pmove 1.2    7.184072471000000     
 after test pmove 1.3    7.184073205000000     
 after test pmove 1.4    7.184073928000000     
 after test pmove 2.0    7.184106391000000     
 after test pmove 2.1    7.184108156000000     
 after test pmove 3    7.184529952000000     
 ppush point 2.1    7.184535038000000     
 pmove part2    5.7660000001291678E-006
 pmove part3    1.4879999996608717E-006
 ppush point 2.2    7.184584916000000     
 pmove part2    3.4619999995655348E-006
 pmove part3    1.1819999992113139E-006
 pmove part2    3.2350000003233959E-006
 pmove part3    1.5190000004494664E-006
 pmove part2    2.9839999999836664E-006
 pmove part3    1.7359999997523801E-006
 pmove part2    2.4590000000657142E-006
 pmove part3    1.5820000003330392E-006
 pmove part2    2.8959999998079411E-006
 pmove part3    9.6500000079657866E-007
 pmove part2    3.4900000001059084E-006
 pmove part3    1.7549999995480903E-006
 pmove part2    2.8909999993942392E-006
 pmove part3    1.3319999991878717E-006
 pmove part2    2.8479999993891170E-006
 pmove part3    1.2379999994038826E-006
 pmove part2    3.3530000003167970E-006
 pmove part3    1.1310000003206255E-006
 pmove part2    3.0419999994535374E-006
 pmove part3    1.8429999997238156E-006
 pmove part2    6.0779999992988110E-006
 pmove part3    1.1720000001602671E-006
 pmove part2    3.1670000000261211E-006
 pmove part3    2.2180000005533884E-006
 pmove part2    2.9040000004698641E-006
 pmove part3    1.1099999994712562E-006
 pmove part2    2.8260000002333641E-006
 pmove part3    1.3179999998058634E-006
 pmove part2    2.8009999999412116E-006
 pmove part3    1.2070000003916448E-006
 pmove part2    2.5109999999273214E-006
 pmove part3    1.6540000000730970E-006
 pmove part2    3.0779999997676555E-006
 pmove part3    1.4259999998600392E-006
 pmove part2    3.5460000002984771E-006
 pmove part3    1.1439999996198935E-006
 ppush point 3    7.185287244000000     
 after ppush    7.185288634000000     
 after cpush    7.185289263000000     
 before grid1    7.185294580000000     
 after grid1    7.197215592000000     
 end accumu    7.197220197000000     
 after den0_phi    7.198666848000000     
 after field solver    7.200686070000000     
 after field    7.200687120000000     
 after rmsphi    7.200700766000000     
 with filter    7.201188768000000     
 before ppush    7.201458620000000     
 after ppush    7.201459498000000     
 after cpush 2
 after cpush 3
 after test pmove 0    7.227392647000000     
 after test pmove 1.1    7.227846214000000     
 after test pmove 1.2    7.227884936000000     
 after test pmove 1.3    7.227885917000000     
 after test pmove 1.4    7.227886672000000     
 after test pmove 2.0    7.227915230000000     
 after test pmove 2.1    7.227916747000000     
 after test pmove 3    7.228345879000000     
 pmove part2    6.0310000007390840E-006
 pmove part3    1.3860000001031381E-006
 pmove part2    2.9990000003365935E-006
 pmove part3    1.4569999997604555E-006
 pmove part2    3.0230000005460056E-006
 pmove part3    1.0609999998578701E-006
 pmove part2    2.9450000003095056E-006
 pmove part3    1.2300000005183165E-006
 pmove part2    2.8649999999075249E-006
 pmove part3    1.2690000001924773E-006
 pmove part2    2.7659999997098339E-006
 pmove part3    8.3399999972755268E-007
 pmove part2    3.0280000000715290E-006
 pmove part3    1.4259999998600392E-006
 pmove part2    2.8639999998247845E-006
 pmove part3    1.4219999995290777E-006
 pmove part2    2.7819999992573230E-006
 pmove part3    1.2670000000269965E-006
 pmove part2    2.7149999999309671E-006
 pmove part3    1.1149999998849580E-006
 pmove part2    2.7559999997706086E-006
 pmove part3    1.2290000004355761E-006
 pmove part2    2.5959999998548255E-006
 pmove part3    1.2599999994478139E-006
 pmove part2    3.2499999997881446E-006
 pmove part3    1.0750000001280569E-006
 pmove part2    2.7440000005540810E-006
 pmove part3    1.1110000004421750E-006
 pmove part2    2.7459999998313833E-006
 pmove part3    1.2959999997619320E-006
 pmove part2    2.6179999998987569E-006
 pmove part3    1.2529999997568098E-006
 pmove part2    2.6030000004340081E-006
 pmove part3    1.1899999998732369E-006
 pmove part2    2.9240000003483146E-006
 pmove part3    1.4420000002957067E-006
 pmove part2    2.4109999996468900E-006
 pmove part3    1.2190000004963508E-006
 after cpush 3
 after cpush    7.229057991000000     
 before grid1    7.229065153000000     
 after grid1    7.241168728000000     
 end accumu    7.241173964000000     
 after den0_phi    7.242570295000000     
 after field solver    7.244507977000000     
 after field    7.244508972000000     
 after rmsphi    7.244521580000000     
 with filter    7.244975960000000     
    129   0.31124260E-02   0.00000000E+00   0.00000000E+00   0.00000000E+00   0.14688731E-11  -0.25959271E-11   0.26991589E-02   0.00000000E+00   0.22413577E-01   0.12644009E-01   0.25734013E-01
 before ppush    7.247329322000000     
 ppush 1    7.247332882000000     
 ppush point 2    7.272106625000000     
 ppush point 2.0    7.272124380000000     
 after test pmove 0    7.272126048000000     
 after test pmove 1.1    7.272561440000000     
 after test pmove 1.2    7.272596108000000     
 after test pmove 1.3    7.272596978000000     
 after test pmove 1.4    7.272597666000000     
 after test pmove 2.0    7.272629246000000     
 after test pmove 2.1    7.272630852000000     
 after test pmove 3    7.273033835000000     
 ppush point 2.1    7.273038214000000     
 pmove part2    5.0519999996723186E-006
 pmove part3    1.6120000001507151E-006
 ppush point 2.2    7.273090937000000     
 pmove part2    3.3689999998642861E-006
 pmove part3    1.3970000001251037E-006
 pmove part2    3.5220000000890650E-006
 pmove part3    1.1539999995591188E-006
 pmove part2    3.1839999996563506E-006
 pmove part3    1.7130000005138868E-006
 pmove part2    2.7649999996270935E-006
 pmove part3    1.2289999995473977E-006
 pmove part2    2.8670000000730056E-006
 pmove part3    1.1479999999508550E-006
 pmove part2    2.8329999999243682E-006
 pmove part3    2.2370000003490986E-006
 pmove part2    3.2220000001359494E-006
 pmove part3    1.4619999992859789E-006
 pmove part2    3.1240000000209989E-006
 pmove part3    1.5309999996659940E-006
 pmove part2    2.7850000003937225E-006
 pmove part3    1.4309999993855627E-006
 pmove part2    2.7920000000847267E-006
 pmove part3    1.4840000002180886E-006
 pmove part2    3.0280000000715290E-006
 pmove part3    1.8070000002978759E-006
 pmove part2    3.0070000001103381E-006
 pmove part3    1.3929999997941422E-006
 pmove part2    2.7320000004493750E-006
 pmove part3    1.1850000003477135E-006
 pmove part2    2.6689999996776237E-006
 pmove part3    1.7599999999617921E-006
 pmove part2    2.7369999999748984E-006
 pmove part3    1.1589999999728207E-006
 pmove part2    2.4600000001484545E-006
 pmove part3    1.2549999999222905E-006
 pmove part2    3.3209999994454620E-006
 pmove part3    2.7339999997266773E-006
 pmove part2    2.6200000000642376E-006
 pmove part3    1.1669999997465652E-006
 ppush point 3    7.273778359000000     
 after ppush    7.273780076000000     
 after cpush    7.273780877000000     
 before grid1    7.273789038000000     
 after grid1    7.286137989000000     
 end accumu    7.286142598000000     
 after den0_phi    7.287725830000000     
 after field solver    7.289649387000000     
 after field    7.289650534000000     
 after rmsphi    7.289664209000000     
 with filter    7.290149828000000     
 before ppush    7.290398901000000     
 after ppush    7.290399743000000     
 after cpush 2
 after cpush 3
 after test pmove 0    7.316131245000000     
 after test pmove 1.1    7.316556506000000     
 after test pmove 1.2    7.316591275000000     
 after test pmove 1.3    7.316592170000000     
 after test pmove 1.4    7.316592930000000     
 after test pmove 2.0    7.316621166000000     
 after test pmove 2.1    7.316622728000000     
 after test pmove 3    7.317054035000000     
 pmove part2    5.6610000003232130E-006
 pmove part3    1.2030000000606833E-006
 pmove part2    2.8270000003161044E-006
 pmove part3    1.2350000000438399E-006
 pmove part2    3.1019999999770675E-006
 pmove part3    1.2330000007665376E-006
 pmove part2    2.4609999993430165E-006
 pmove part3    1.1740000003257478E-006
 pmove part2    2.7680000007634931E-006
 pmove part3    1.2040000001434237E-006
 pmove part2    2.5739999998108942E-006
 pmove part3    1.1010000005029497E-006
 pmove part2    2.7180000001791882E-006
 pmove part3    1.1400000001771105E-006
 pmove part2    2.6860000001960316E-006
 pmove part3    1.3589999996455049E-006
 pmove part2    2.9999999995311555E-006
 pmove part3    1.0189999999354882E-006
 pmove part2    2.8590000002992610E-006
 pmove part3    1.2600000003359924E-006
 pmove part2    3.0080000001930784E-006
 pmove part3    1.1110000004421750E-006
 pmove part2    3.2189999998877283E-006
 pmove part3    1.3809999996894362E-006
 pmove part2    3.1619999996124193E-006
 pmove part3    1.3909999996286615E-006
 pmove part2    3.0300000002370098E-006
 pmove part3    1.6470000003820928E-006
 pmove part2    2.6330000002516840E-006
 pmove part3    1.1419999994544128E-006
 pmove part2    2.4659999997567184E-006
 pmove part3    1.2680000001097369E-006
 pmove part2    2.9569999995260332E-006
 pmove part3    1.4510000001521917E-006
 pmove part2    2.5709999995626731E-006
 pmove part3    1.2140000000826490E-006
 pmove part2    2.6700000006485425E-006
 pmove part3    1.1940000002041984E-006
 after cpush 3
 after cpush    7.317783841000000     
 before grid1    7.317795244000000     
 after grid1    7.329965983000000     
 end accumu    7.329970339000000     
 after den0_phi    7.332104414000000     
 after field solver    7.334778125000000     
 after field    7.334779179000000     
 after rmsphi    7.334796054000000     
 with filter    7.335312790000000     
    161   0.18955512E-02   0.00000000E+00   0.00000000E+00   0.00000000E+00   0.13528283E-12  -0.90599244E-11   0.30516185E-02   0.00000000E+00   0.11006136E+00   0.13314835E-01   0.11086383E+00
 before ppush    7.338028173000000     
 ppush 1    7.338031995000000     
 ppush point 2    7.362739921000000     
 ppush point 2.0    7.362757892000000     
 after test pmove 0    7.362759478000000     
 after test pmove 1.1    7.363183456000000     
 after test pmove 1.2    7.363218510000000     
 after test pmove 1.3    7.363219278000000     
 after test pmove 1.4    7.363220112000000     
 after test pmove 2.0    7.363249347000000     
 after test pmove 2.1    7.363251309000000     
 after test pmove 3    7.363686779000000     
 ppush point 2.1    7.363691427000000     
 pmove part2    5.5599999999600414E-006
 pmove part3    1.1859999995422754E-006
 ppush point 2.2    7.363751235000000     
 pmove part2    3.1080000004735098E-006
 pmove part3    1.2969999998446724E-006
 pmove part2    3.2199999999704687E-006
 pmove part3    1.1699999999947863E-006
 pmove part2    2.8909999993942392E-006
 pmove part3    1.3939999998768826E-006
 pmove part2    2.7679999998753146E-006
 pmove part3    1.6179999997589789E-006
 pmove part2    2.6200000000642376E-006
 pmove part3    9.5999999949469839E-007
 pmove part2    2.9599999997742543E-006
 pmove part3    1.1510000001990761E-006
 pmove part2    2.8309999997588875E-006
 pmove part3    1.1739999994375694E-006
 pmove part2    2.6420000001081689E-006
 pmove part3    1.2049999993379856E-006
 pmove part2    2.9800000005408833E-006
 pmove part3    1.1479999999508550E-006
 pmove part2    2.6550000002956153E-006
 pmove part3    1.3189999998886037E-006
 pmove part2    2.5980000000203063E-006
 pmove part3    1.4479999999039705E-006
 pmove part2    2.8370000002553297E-006
 pmove part3    1.4479999999039705E-006
 pmove part2    3.1309999997120030E-006
 pmove part3    1.2629999996960350E-006
 pmove part2    2.6450000003563900E-006
 pmove part3    1.3729999999156917E-006
 pmove part2    2.8619999996593037E-006
 pmove part3    1.1729999993548290E-006
 pmove part2    3.2889999994623054E-006
 pmove part3    1.2009999998952026E-006
 pmove part2    2.4149999999778515E-006
 pmove part3    1.2069999995034664E-006
 pmove part2    2.4679999999221991E-006
 pmove part3    1.5619999995664102E-006
 ppush point 3    7.364521845000000     
 after ppush    7.364523432000000     
 after cpush    7.364524025000000     
 before grid1    7.364528268000000     
 after grid1    7.376709944000000     
 end accumu    7.376714848000000     
 after den0_phi    7.378645462000000     
 after field solver    7.381139535000000     
 after field    7.381140593000000     
 after rmsphi    7.381159522000000     
 with filter    7.381660729000000     
 before ppush    7.382058477000000     
 after ppush    7.382059372000000     
 after cpush 2
 after cpush 3
 after test pmove 0    7.407815057000000     
 after test pmove 1.1    7.408225121000000     
 after test pmove 1.2    7.408259588000000     
 after test pmove 1.3    7.408260386000000     
 after test pmove 1.4    7.408261123000000     
 after test pmove 2.0    7.408309149000000     
 after test pmove 2.1    7.408311053000000     
 after test pmove 3    7.408741545000000     
 pmove part2    5.5630000002082625E-006
 pmove part3    1.1909999999559773E-006
 pmove part2    3.0329999995970525E-006
 pmove part3    1.2019999999779429E-006
 pmove part2    2.7679999998753146E-006
 pmove part3    1.2350000000438399E-006
 pmove part2    2.7129999997654863E-006
 pmove part3    1.6020000002114898E-006
 pmove part2    2.6970000002179972E-006
 pmove part3    1.4089999993416313E-006
 pmove part2    2.5779999992536773E-006
 pmove part3    8.7999999998089606E-007
 pmove part2    2.5919999995238641E-006
 pmove part3    1.2799999993262645E-006
 pmove part2    3.3269999999419042E-006
 pmove part3    1.2160000002481297E-006
 pmove part2    2.7249999998701924E-006
 pmove part3    1.1999999998124622E-006
 pmove part2    2.9750000001271815E-006
 pmove part3    1.3460000003462369E-006
 pmove part2    2.5959999998548255E-006
 pmove part3    1.8419999996410752E-006
 pmove part2    2.7789999998972803E-006
 pmove part3    1.4909999999090928E-006
 pmove part2    2.7810000000627610E-006
 pmove part3    1.4930000000745736E-006
 pmove part2    2.7819999992573230E-006
 pmove part3    1.2619999996132947E-006
 pmove part2    2.3989999995421840E-006
 pmove part3    1.3079999998666381E-006
 pmove part2    2.9799999996527049E-006
 pmove part3    1.3560000002854622E-006
 pmove part2    2.5560000000979244E-006
 pmove part3    1.3750000000811724E-006
 pmove part2    2.2959999999017100E-006
 pmove part3    1.4360000006874429E-006
 pmove part2    2.9119999993554302E-006
 pmove part3    1.4769999996389060E-006
 after cpush 3
 after cpush    7.409467047000000     
 before grid1    7.409474081000000     
 after grid1    7.421612898000000     
 end accumu    7.421617995000000     
 after den0_phi    7.423154719000000     
 after field solver    7.425088293000000     
 after field    7.425089372000000     
 after rmsphi    7.425101866000000     
 with filter    7.425585010000000     
    194   0.95217674E-02   0.00000000E+00   0.00000000E+00   0.00000000E+00  -0.17361588E-11  -0.16221413E-10   0.34218411E-02   0.00000000E+00   0.84746829E-01  -0.42857205E-02   0.84855126E-01
 before ppush    7.427851436000000     
 ppush 1    7.427854793000000     
 ppush point 2    7.451821048000000     
 ppush point 2.0    7.451838570000000     
 after test pmove 0    7.451840519000000     
 after test pmove 1.1    7.452251092000000     
 after test pmove 1.2    7.452284866000000     
 after test pmove 1.3    7.452285999000000     
 after test pmove 1.4    7.452286808000000     
 after test pmove 2.0    7.452314812000000     
 after test pmove 2.1    7.452316592000000     
 after test pmove 3    7.452759174000000     
 ppush point 2.1    7.452763787000000     
 pmove part2    5.4320000000274149E-006
 pmove part3    1.1940000002041984E-006
 ppush point 2.2    7.452809644000000     
 pmove part2    2.6159999997332761E-006
 pmove part3    1.1230000005468810E-006
 pmove part2    2.8279999995106664E-006
 pmove part3    1.1539999995591188E-006
 pmove part2    2.8270000003161044E-006
 pmove part3    1.0730000008507545E-006
 pmove part2    2.9480000005577267E-006
 pmove part3    1.1280000000724044E-006
 pmove part2    2.5580000002634051E-006
 pmove part3    1.1349999997634086E-006
 pmove part2    2.8190000005423599E-006
 pmove part3    1.4079999992588910E-006
 pmove part2    3.2149999995567669E-006
 pmove part3    1.2100000006398659E-006
 pmove part2    2.6630000000693599E-006
 pmove part3    1.3519999999545007E-006
 pmove part2    2.6210000001469780E-006
 pmove part3    1.4050000007870267E-006
 pmove part2    2.6509999999646539E-006
 pmove part3    1.0869999993445845E-006
 pmove part2    2.6179999998987569E-006
 pmove part3    1.3450000002634965E-006
 pmove part2    2.9630000000224754E-006
 pmove part3    1.3550000002027218E-006
 pmove part2    2.8700000003212267E-006
 pmove part3    1.2380000002920610E-006
 pmove part2    2.7770000006199780E-006
 pmove part3    1.2810000002971833E-006
 pmove part2    2.6159999997332761E-006
 pmove part3    1.2519999996740694E-006
 pmove part2    2.8400000005035508E-006
 pmove part3    1.2180000004136105E-006
 pmove part2    2.3809999998292142E-006
 pmove part3    1.2230000008273123E-006
 pmove part2    2.4119999997296304E-006
 pmove part3    1.2070000003916448E-006
 ppush point 3    7.453448565000000     
 after ppush    7.453449818000000     
 after cpush    7.453450363000000     
 before grid1    7.453466902000000     
 after grid1    7.465484863000000     
 end accumu    7.465489493000000     
 after den0_phi    7.467059971000000     
 after field solver    7.469072677000000     
 after field    7.469073674000000     
 after rmsphi    7.469091543000000     
 with filter    7.469575733000000     
 before ppush    7.469824039000000     
 after ppush    7.469832596000000     
 after cpush 2
 after cpush 3
 after test pmove 0    7.495513080000000     
 after test pmove 1.1    7.495938386000000     
 after test pmove 1.2    7.495973248000000     
 after test pmove 1.3    7.495974026000000     
 after test pmove 1.4    7.495974777000000     
 after test pmove 2.0    7.496018143000000     
 after test pmove 2.1    7.496019715000000     
 after test pmove 3    7.496436099000000     
 pmove part2    6.8880000005933084E-006
 pmove part3    1.6160000004816766E-006
 pmove part2    2.7590000000188297E-006
 pmove part3    1.1800000008221900E-006
 pmove part2    2.8979999999734218E-006
 pmove part3    1.3990000002905845E-006
 pmove part2    2.6609999999038791E-006
 pmove part3    1.1820000000994924E-006
 pmove part2    2.5919999995238641E-006
 pmove part3    1.6200000008126381E-006
 pmove part2    2.9130000003263490E-006
 pmove part3    7.3000000000433829E-007
 pmove part2    2.7000000004662184E-006
 pmove part3    2.0069999999705601E-006
 pmove part2    2.7710000001235358E-006
 pmove part3    1.4600000000086766E-006
 pmove part2    2.8060000003549135E-006
 pmove part3    1.1099999994712562E-006
 pmove part2    2.5639999998716689E-006
 pmove part3    1.4190000001690350E-006
 pmove part2    2.9900000004801086E-006
 pmove part3    1.1080000001939538E-006
 pmove part2    2.6600000007093172E-006
 pmove part3    1.6709999997033265E-006
 pmove part2    2.7739999994835784E-006
 pmove part3    1.1369999999288893E-006
 pmove part2    2.7499999992741664E-006
 pmove part3    1.3270000005505267E-006
 pmove part2    2.4610000002311949E-006
 pmove part3    1.2769999999662218E-006
 pmove part2    2.6079999999595316E-006
 pmove part3    1.8480000001375174E-006
 pmove part2    2.7419999995004218E-006
 pmove part3    1.1589999999728207E-006
 pmove part2    2.3399999999895726E-006
 pmove part3    1.4059999999815886E-006
 pmove part2    2.5459999992705207E-006
 pmove part3    1.2050000002261640E-006
 after cpush 3
 after cpush    7.497168298000000     
 before grid1    7.497175177000000     
 after grid1    7.508959261000000     
 end accumu    7.508964041000000     
 after den0_phi    7.510413365000000     
 after field solver    7.512384473000000     
 after field    7.512385450000000     
 after rmsphi    7.512398147000000     
 with filter    7.512864642000000     
    226   0.78208423E-02   0.00000000E+00   0.00000000E+00   0.00000000E+00  -0.37021787E-11  -0.21690136E-10   0.38046147E-02   0.00000000E+00   0.14921039E+00  -0.48961353E-01   0.15703807E+00
 before ppush    7.515148144000000     
 ppush 1    7.515151472000000     
 ppush point 2    7.539387036000000     
 ppush point 2.0    7.539406668000000     
 after test pmove 0    7.539408386000000     
 after test pmove 1.1    7.539855361000000     
 after test pmove 1.2    7.539893120000000     
 after test pmove 1.3    7.539893988000000     
 after test pmove 1.4    7.539894734000000     
 after test pmove 2.0    7.539923678000000     
 after test pmove 2.1    7.539925251000000     
 after test pmove 3    7.540343017000000     
 ppush point 2.1    7.540347147000000     
 pmove part2    6.0479999994811351E-006
 pmove part3    1.4799999998871272E-006
 ppush point 2.2    7.540398782000000     
 pmove part2    2.6189999999814972E-006
 pmove part3    1.5620000004545886E-006
 pmove part2    2.6090000000422719E-006
 pmove part3    1.3440000001807562E-006
 pmove part2    2.9039999995816856E-006
 pmove part3    1.1369999999288893E-006
 pmove part2    2.8700000003212267E-006
 pmove part3    1.3599999997282453E-006
 pmove part2    2.5589999994579671E-006
 pmove part3    8.4699999991499908E-007
 pmove part2    2.6490000006873515E-006
 pmove part3    1.6060000005424513E-006
 pmove part2    2.6269999997552418E-006
 pmove part3    1.2370000002093207E-006
 pmove part2    2.6100000001250123E-006
 pmove part3    1.1579999998900803E-006
 pmove part2    2.6100000001250123E-006
 pmove part3    1.1400000001771105E-006
 pmove part2    2.8959999998079411E-006
 pmove part3    1.1019999996975116E-006
 pmove part2    2.6289999999207225E-006
 pmove part3    1.9069999996901288E-006
 pmove part2    2.8380000003380701E-006
 pmove part3    1.0980000002547285E-006
 pmove part2    2.6300000000034629E-006
 pmove part3    1.4549999995949747E-006
 pmove part2    2.4410000003527443E-006
 pmove part3    1.8349999999500710E-006
 pmove part2    2.2959999999017100E-006
 pmove part3    1.3479999996235392E-006
 pmove part2    2.3980000003476221E-006
 pmove part3    2.0850000002070601E-006
 pmove part2    2.3269999998021262E-006
 pmove part3    1.4550000004831531E-006
 pmove part2    3.3779999997207710E-006
 pmove part3    1.1249999998241833E-006
 ppush point 3    7.541094169000000     
 after ppush    7.541095686000000     
 after cpush    7.541096391000000     
 before grid1    7.541100251000000     
 after grid1    7.552983652000000     
 end accumu    7.552988852000000     
 after den0_phi    7.554375587000000     
 after field solver    7.556288654000000     
 after field    7.556289663000000     
 after rmsphi    7.556303974000000     
 with filter    7.556777153000000     
 before ppush    7.557003779000000     
 after ppush    7.557004632000000     
 after cpush 2
 after cpush 3
 after test pmove 0    7.582055524000000     
 after test pmove 1.1    7.582477500000000     
 after test pmove 1.2    7.582512578000000     
 after test pmove 1.3    7.582513755000000     
 after test pmove 1.4    7.582514498000000     
 after test pmove 2.0    7.582546519000000     
 after test pmove 2.1    7.582548346000000     
 after test pmove 3    7.582969473000000     
 pmove part2    4.8919999997565355E-006
 pmove part3    1.2849999997399664E-006
 pmove part2    2.6130000003732334E-006
 pmove part3    1.4080000001470694E-006
 pmove part2    3.5130000002325801E-006
 pmove part3    1.3440000001807562E-006
 pmove part2    2.8480000002772954E-006
 pmove part3    1.2690000001924773E-006
 pmove part2    3.0359999998452736E-006
 pmove part3    1.1430000004253316E-006
 pmove part2    2.7280000001184135E-006
 pmove part3    9.7900000017858702E-007
 pmove part2    2.6369999996944671E-006
 pmove part3    1.4679999997824211E-006
 pmove part2    2.9340000002875399E-006
 pmove part3    1.2869999999054471E-006
 pmove part2    3.1820000003790483E-006
 pmove part3    1.4950000002400543E-006
 pmove part2    2.7979999996929905E-006
 pmove part3    1.8859999997289378E-006
 pmove part2    3.0060000000275977E-006
 pmove part3    1.6540000000730970E-006
 pmove part2    2.9900000004801086E-006
 pmove part3    1.3340000002415309E-006
 pmove part2    2.7710000001235358E-006
 pmove part3    1.2590000002532520E-006
 pmove part2    2.7639999995443532E-006
 pmove part3    1.3250000003850460E-006
 pmove part2    2.6730000000085852E-006
 pmove part3    1.8209999996798842E-006
 pmove part2    2.5899999993583833E-006
 pmove part3    1.7880000005021657E-006
 pmove part2    2.5039999993481388E-006
 pmove part3    1.4949999993518759E-006
 pmove part2    2.6369999996944671E-006
 pmove part3    1.2729999996352603E-006
 pmove part2    2.5260000002802485E-006
 pmove part3    1.2730000005234388E-006
 after cpush 3
 after cpush    7.583662977000000     
 before grid1    7.583669736000000     
 after grid1    7.595611576000000     
 end accumu    7.595616246000000     
 after den0_phi    7.597031272000000     
 after field solver    7.598962573000000     
 after field    7.598963514000000     
 after rmsphi    7.598976824000000     
 with filter    7.599443502000000     
    258   0.13124220E-01   0.00000000E+00   0.00000000E+00   0.00000000E+00   0.13884532E-11  -0.14000923E-10   0.41960836E-02   0.00000000E+00   0.16264404E+00   0.65217374E-02   0.16277474E+00
 before ppush    7.626431365000000     
 ppush 1    7.626440702000000     
 ppush point 2    7.650603334000000     
 ppush point 2.0    7.650622659000000     
 after test pmove 0    7.650624592000000     
 after test pmove 1.1    7.651047128000000     
 after test pmove 1.2    7.651082401000000     
 after test pmove 1.3    7.651083215000000     
 after test pmove 1.4    7.651083995000000     
 after test pmove 2.0    7.651113456000000     
 after test pmove 2.1    7.651115101000000     
 after test pmove 3    7.651558872000000     
 ppush point 2.1    7.651563147000000     
 pmove part2    6.0070000005296720E-006
 pmove part3    1.6540000000730970E-006
 ppush point 2.2    7.651614570000000     
 pmove part2    3.1549999999214151E-006
 pmove part3    1.5839999996103415E-006
 pmove part2    2.6840000000305508E-006
 pmove part3    1.3829999998549170E-006
 pmove part2    2.9389999998130634E-006
 pmove part3    1.6059999996542729E-006
 pmove part2    2.7090000003227033E-006
 pmove part3    1.2349999991556615E-006
 pmove part2    3.3080000001461940E-006
 pmove part3    9.9000000020055268E-007
 pmove part2    2.9729999999617007E-006
 pmove part3    1.2290000004355761E-006
 pmove part2    2.8089999997149562E-006
 pmove part3    1.5030000000137989E-006
 pmove part2    2.8309999997588875E-006
 pmove part3    1.2839999996572260E-006
 pmove part2    2.6200000000642376E-006
 pmove part3    1.3750000000811724E-006
 pmove part2    3.0420000003417158E-006
 pmove part3    1.5590000002063675E-006
 pmove part2    2.9439999993385868E-006
 pmove part3    1.3789999995239555E-006
 pmove part2    3.0300000002370098E-006
 pmove part3    1.3470000004289773E-006
 pmove part2    2.7129999997654863E-006
 pmove part3    1.6450000002166121E-006
 pmove part2    3.0899999998723615E-006
 pmove part3    1.3130000002803399E-006
 pmove part2    2.7850000003937225E-006
 pmove part3    2.0969999994235877E-006
 pmove part2    2.7989999997757309E-006
 pmove part3    1.4280000000255200E-006
 pmove part2    2.7779999998145399E-006
 pmove part3    1.2440000007885033E-006
 pmove part2    2.5340000000539931E-006
 pmove part3    2.0190000000752661E-006
 ppush point 3    7.652281919000000     
 after ppush    7.652283369000000     
 after cpush    7.652284023000000     
 before grid1    7.652288082000000     
 after grid1    7.664167649000000     
 end accumu    7.664172779000000     
 after den0_phi    7.665590735000000     
 after field solver    7.667522966000000     
 after field    7.667524063000000     
 after rmsphi    7.667537487000000     
 with filter    7.667990568000000     
 before ppush    7.668233273000000     
 after ppush    7.668234087000000     
 after cpush 2
 after cpush 3
 after test pmove 0    7.693735473000000     
 after test pmove 1.1    7.694176920000000     
 after test pmove 1.2    7.694211754000000     
 after test pmove 1.3    7.694212951000000     
 after test pmove 1.4    7.694213745000000     
 after test pmove 2.0    7.694242390000000     
 after test pmove 2.1    7.694244434000000     
 after test pmove 3    7.694671072000000     
 pmove part2    5.8979999995045773E-006
 pmove part3    1.8599999993540450E-006
 pmove part2    3.0820000000986170E-006
 pmove part3    1.1109999995539965E-006
 pmove part2    2.7940000002502074E-006
 pmove part3    1.6070000006251917E-006
 pmove part2    2.8739999997640098E-006
 pmove part3    1.2069999995034664E-006
 pmove part2    3.2380000005716170E-006
 pmove part3    1.1229999996587026E-006
 pmove part2    2.5109999999273214E-006
 pmove part3    8.9500000033382321E-007
 pmove part2    3.1629999996951597E-006
 pmove part3    1.1019999996975116E-006
 pmove part2    2.9340000002875399E-006
 pmove part3    1.0889999995100652E-006
 pmove part2    2.6150000005387142E-006
 pmove part3    1.2839999996572260E-006
 pmove part2    3.0830000001813573E-006
 pmove part3    1.3320000000760501E-006
 pmove part2    2.5749999998936346E-006
 pmove part3    1.0880000003155033E-006
 pmove part2    3.0640000003856471E-006
 pmove part3    1.2100000006398659E-006
 pmove part2    3.0490000000327200E-006
 pmove part3    1.2030000000606833E-006
 pmove part2    2.6330000002516840E-006
 pmove part3    1.2339999999610995E-006
 pmove part2    2.4050000000386262E-006
 pmove part3    1.2229999999391339E-006
 pmove part2    2.6179999998987569E-006
 pmove part3    1.4850000003008290E-006
 pmove part2    2.5060000004017979E-006
 pmove part3    1.1190000002159195E-006
 pmove part2    2.4779999998614244E-006
 pmove part3    1.2739999997180007E-006
 pmove part2    2.3800000006346522E-006
 pmove part3    1.3850000000203977E-006
 after cpush 3
 after cpush    7.695434802000000     
 before grid1    7.695442130000000     
 after grid1    7.707213412000000     
 end accumu    7.707218921000000     
 after den0_phi    7.708621238000000     
 after field solver    7.710550888000000     
 after field    7.710552152000000     
 after rmsphi    7.710565934000000     
 with filter    7.711017853000000     
    291   0.19203897E-01   0.00000000E+00   0.00000000E+00   0.00000000E+00   0.57559003E-11   0.20562528E-11   0.45938362E-02   0.00000000E+00   0.15785384E+00  -0.35237863E-01   0.16173912E+00
 before ppush    7.715750923000000     
 ppush 1    7.715757628000000     
 ppush point 2    7.739971657000000     
 ppush point 2.0    7.739990060000000     
 after test pmove 0    7.739992194000000     
 after test pmove 1.1    7.740413105000000     
 after test pmove 1.2    7.740448261000000     
 after test pmove 1.3    7.740449415000000     
 after test pmove 1.4    7.740450139000000     
 after test pmove 2.0    7.740479578000000     
 after test pmove 2.1    7.740481140000000     
 after test pmove 3    7.740918441000000     
 ppush point 2.1    7.740922944000000     
 pmove part2    5.5419999993588931E-006
 pmove part3    1.2439999999003248E-006
 ppush point 2.2    7.740970497000000     
 pmove part2    2.5610000005116262E-006
 pmove part3    1.1219999995759622E-006
 pmove part2    2.9789999995699645E-006
 pmove part3    1.2570000000877712E-006
 pmove part2    3.0859999995414000E-006
 pmove part3    1.8889999999771590E-006
 pmove part2    2.9020000003043833E-006
 pmove part3    2.1960000005094571E-006
 pmove part2    2.8159999994059604E-006
 pmove part3    8.0200000063257448E-007
 pmove part2    2.7759999996490592E-006
 pmove part3    1.4899999998263525E-006
 pmove part2    2.9749999992390030E-006
 pmove part3    1.4329999995510434E-006
 pmove part2    2.8959999998079411E-006
 pmove part3    1.6049999995715325E-006
 pmove part2    2.6040000005167485E-006
 pmove part3    1.6079999998197536E-006
 pmove part2    2.4800000000269051E-006
 pmove part3    1.1899999998732369E-006
 pmove part2    2.9110000001608682E-006
 pmove part3    1.6140000003161958E-006
 pmove part2    2.9259999996256170E-006
 pmove part3    1.1960000003696791E-006
 pmove part2    2.6730000000085852E-006
 pmove part3    1.5680000000628525E-006
 pmove part2    3.0420000003417158E-006
 pmove part3    1.4249999997772989E-006
 pmove part2    2.6750000001740659E-006
 pmove part3    1.3519999999545007E-006
 pmove part2    2.7250000007583708E-006
 pmove part3    1.3899999995459211E-006
 pmove part2    2.6890000004442527E-006
 pmove part3    1.3110000001148592E-006
 pmove part2    2.7070000001572225E-006
 pmove part3    1.2620000005014731E-006
 ppush point 3    7.741620923000000     
 after ppush    7.741622188000000     
 after cpush    7.741622865000000     
 before grid1    7.741626803000000     
 after grid1    7.753670120000000     
 end accumu    7.753674284000000     
 after den0_phi    7.755093264000000     
 after field solver    7.757034892000000     
 after field    7.757035824000000     
 after rmsphi    7.757052340000000     
 with filter    7.757528376000000     
 before ppush    7.757788347000000     
 after ppush    7.757789198000000     
 after cpush 2
 after cpush 3
 after test pmove 0    7.783402252000000     
 after test pmove 1.1    7.783837085000000     
 after test pmove 1.2    7.783871156000000     
 after test pmove 1.3    7.783871925000000     
 after test pmove 1.4    7.783872740000000     
 after test pmove 2.0    7.783900422000000     
 after test pmove 2.1    7.783901947000000     
 after test pmove 3    7.784356570000000     
 pmove part2    4.8799999996518295E-006
 pmove part3    1.2060000003089044E-006
 pmove part2    2.9590000005796924E-006
 pmove part3    1.0649999993006531E-006
 pmove part2    2.4320000004962594E-006
 pmove part3    1.3159999996403826E-006
 pmove part2    2.6530000001301346E-006
 pmove part3    1.1759999996030501E-006
 pmove part2    3.1390000003739260E-006
 pmove part3    1.0930000007292051E-006
 pmove part2    3.0850000003468381E-006
 pmove part3    1.0729999999625761E-006
 pmove part2    2.6850000001132912E-006
 pmove part3    1.2219999998563935E-006
 pmove part2    2.9860000001491471E-006
 pmove part3    1.2059999994207260E-006
 pmove part2    2.6960000001352569E-006
 pmove part3    1.2240000000218743E-006
 pmove part2    3.1749999997998657E-006
 pmove part3    1.5910000001895241E-006
 pmove part2    2.6169999998160165E-006
 pmove part3    1.1680000007174840E-006
 pmove part2    2.9689999996307392E-006
 pmove part3    1.5169999993958072E-006
 pmove part2    2.7029999998262610E-006
 pmove part3    1.0999999995320309E-006
 pmove part2    2.5919999995238641E-006
 pmove part3    1.6239999993672427E-006
 pmove part2    2.4179999993378942E-006
 pmove part3    1.2920000003191490E-006
 pmove part2    2.4989999998226153E-006
 pmove part3    1.8250000000108457E-006
 pmove part2    2.5080000005672787E-006
 pmove part3    1.8400000003637729E-006
 pmove part2    2.5120000000100617E-006
 pmove part3    1.1400000001771105E-006
 pmove part2    2.4160000000605919E-006
 pmove part3    1.7229999995649337E-006
 after cpush 3
 after cpush    7.785050161000000     
 timestep =            11
 ps time=    0.000000000000000      tot time=    7.785056703000000     


CUDA API Statistics:

 Time(%)  Total Time (ns)  Num Calls   Average    Minimum   Maximum    StdDev            Name        
 -------  ---------------  ---------  ----------  --------  --------  ---------  --------------------
    40.1        120857548        191    632762.0      6521   2951309   730949.0  cuStreamSynchronize 
    23.3         70381312        127    554183.6      1521   3231771  1067432.4  cuMemAlloc_v2       
    16.1         48634511          1  48634511.0  48634511  48634511        0.0  cuMemHostAlloc      
     6.9         20685579          1  20685579.0  20685579  20685579        0.0  cuMemAllocManaged   
     6.2         18761039       3431      5468.1      2711     31058     2963.0  cuMemcpyHtoDAsync_v2
     3.7         11150982        570     19563.1      1214    442970    63861.4  cuEventSynchronize  
     1.2          3538436          1   3538436.0   3538436   3538436        0.0  cuModuleLoadDataEx  
     0.7          2164390        410      5279.0      3103     15555     2547.6  cuMemcpyDtoHAsync_v2
     0.7          1967829          1   1967829.0   1967829   1967829        0.0  cuMemAllocHost_v2   
     0.5          1560601        572      2728.3      1505     20681     1647.9  cuEventRecord       
     0.2           658995         40     16474.9     13358     39401     4255.5  cuLaunchKernel      
     0.2           624220        110      5674.7      2761     14041     2094.3  cuMemsetD32Async    
     0.2           549244        100      5492.4      3980     14871     1896.9  cuMemcpy2DAsync_v2  
     0.0            43623         15      2908.2       393     10947     3026.5  cuEventCreate       
     0.0            26128          1     26128.0     26128     26128        0.0  cuStreamCreate      
     0.0            20163          1     20163.0     20163     20163        0.0  cuMemcpyHtoD_v2     
     0.0             6164          2      3082.0      2459      3705      881.1  cuInit              



CUDA Kernel Statistics:

 Time(%)  Total Time (ns)  Instances   Average   Minimum  Maximum   StdDev              Name           
 -------  ---------------  ---------  ---------  -------  -------  --------  --------------------------
    36.5         25490773         10  2549077.3  2379655  2947233  218272.9  nvkernel_ppush__F1L665_1_ 
    36.2         25250231         10  2525023.1  2389319  2818690  196093.7  nvkernel_cpush__F1L1124_2_
    27.3         19091798         20   954589.9   900502  1074516   72002.7  nvkernel_grid1__F1L1732_3_



CUDA Memory Operation Statistics (by time):

 Time(%)  Total Time (ns)  Operations  Average   Minimum  Maximum   StdDev       Operation     
 -------  ---------------  ----------  --------  -------  -------  --------  ------------------
    81.6        265220239        3532   75090.7     1343   535610  139759.4  [CUDA memcpy HtoD]
    18.3         59518091         410  145166.1     1600   481883  132637.0  [CUDA memcpy DtoH]
     0.1           178006         110    1618.2     1312     2176     305.9  [CUDA memset]     



CUDA Memory Operation Statistics (by size in KiB):

    Total     Operations  Average   Minimum  Maximum    StdDev       Operation     
 -----------  ----------  --------  -------  --------  --------  ------------------
  685692.109         410  1672.420    0.008  3096.000  1429.015  [CUDA memcpy DtoH]
 1821390.418        3532   515.682    0.008  3096.000   983.767  [CUDA memcpy HtoD]
       0.547         110     0.005    0.004     0.008     0.002  [CUDA memset]     


CUDA API Statistics:

 Time(%)  Total Time (ns)  Num Calls   Average    Minimum   Maximum    StdDev            Name        
 -------  ---------------  ---------  ----------  --------  --------  ---------  --------------------
    45.1        148106102        191    775424.6      6920   3614702   939294.8  cuStreamSynchronize 
    22.1         72548625        127    571249.0      1789   3266437  1083637.0  cuMemAlloc_v2       
    14.7         48083774          1  48083774.0  48083774  48083774        0.0  cuMemHostAlloc      
     6.3         20673747          1  20673747.0  20673747  20673747        0.0  cuMemAllocManaged   
     5.2         17017002       3431      4959.8      2581     27894     2594.6  cuMemcpyHtoDAsync_v2
     3.3         10831963        570     19003.4      1159    435785    61046.2  cuEventSynchronize  
     1.1          3468415          1   3468415.0   3468415   3468415        0.0  cuModuleLoadDataEx  
     0.6          2077569          1   2077569.0   2077569   2077569        0.0  cuMemAllocHost_v2   
     0.6          2070446        410      5049.9      2951     16365     2635.5  cuMemcpyDtoHAsync_v2
     0.4          1346493        572      2354.0      1335     13264     1176.4  cuEventRecord       
     0.2           669167         40     16729.2     13929     34815     3344.9  cuLaunchKernel      
     0.2           654647        110      5951.3      2755     18644     3039.5  cuMemsetD32Async    
     0.2           513196        100      5132.0      3697     15115     1961.1  cuMemcpy2DAsync_v2  
     0.0            26203         15      1746.9       364      4863     1496.8  cuEventCreate       
     0.0            18634          1     18634.0     18634     18634        0.0  cuMemcpyHtoD_v2     
     0.0            16469          1     16469.0     16469     16469        0.0  cuStreamCreate      
     0.0             6378          2      3189.0      2494      3884      982.9  cuInit              


CUDA API Statistics:

 Time(%)  Total Time (ns)  Num Calls   Average    Minimum   Maximum    StdDev            Name        
 -------  ---------------  ---------  ----------  --------  --------  ---------  --------------------
    38.7        115128107        191    602765.0      6349   2780768   727340.2  cuStreamSynchronize 
    24.8         73832279        127    581356.5      1490   3377636  1086065.5  cuMemAlloc_v2       
    15.7         46714695          1  46714695.0  46714695  46714695        0.0  cuMemHostAlloc      
     7.0         20844985          1  20844985.0  20844985  20844985        0.0  cuMemAllocManaged   
     6.1         18275600       3431      5326.6      2844     29040     2835.1  cuMemcpyHtoDAsync_v2
     3.7         10952040        570     19214.1      1205    451117    61775.8  cuEventSynchronize  
     1.2          3455918          1   3455918.0   3455918   3455918        0.0  cuMemAllocHost_v2   
     0.8          2494673          1   2494673.0   2494673   2494673        0.0  cuModuleLoadDataEx  
     0.7          2159113        410      5266.1      3102     17129     2665.8  cuMemcpyDtoHAsync_v2
     0.5          1538748        572      2690.1      1565     19702     1450.1  cuEventRecord       
     0.3           751382         40     18784.6     14601     37109     4263.7  cuLaunchKernel      
     0.2           672699        110      6115.4      2713     22380     2912.7  cuMemsetD32Async    
     0.2           553262        100      5532.6      3930     18091     2589.5  cuMemcpy2DAsync_v2  
     0.0            29332         15      1955.5       410      5136     1569.4  cuEventCreate       
     0.0            20518          1     20518.0     20518     20518        0.0  cuMemcpyHtoD_v2     
     0.0            16413          1     16413.0     16413     16413        0.0  cuStreamCreate      
     0.0             6107          2      3053.5      2488      3619      799.7  cuInit              



CUDA Kernel Statistics:

 Time(%)  Total Time (ns)  Instances   Average   Minimum  Maximum   StdDev              Name           
 -------  ---------------  ---------  ---------  -------  -------  --------  --------------------------
    36.6         32354746         10  3235474.6  3008839  3605475  217122.6  nvkernel_ppush__F1L665_1_ 
    36.1         31887932         10  3188793.2  2956616  3606466  238824.8  nvkernel_cpush__F1L1124_2_
    27.2         24045530         20  1202276.5  1133559  1337685   82106.0  nvkernel_grid1__F1L1732_3_



CUDA Kernel Statistics:

 Time(%)  Total Time (ns)  Instances   Average   Minimum  Maximum   StdDev              Name           
 -------  ---------------  ---------  ---------  -------  -------  --------  --------------------------
    36.3         25096374         10  2509637.4  2322640  2778222  184686.5  nvkernel_ppush__F1L665_1_ 
    36.3         25073398         10  2507339.8  2320272  2740686  186985.6  nvkernel_cpush__F1L1124_2_
    27.3         18875774         20   943788.7   881785  1040249   73681.2  nvkernel_grid1__F1L1732_3_


CUDA API Statistics:

 Time(%)  Total Time (ns)  Num Calls   Average    Minimum   Maximum    StdDev            Name        
 -------  ---------------  ---------  ----------  --------  --------  ---------  --------------------
    52.6        203906137        191   1067571.4      7142   6281478  1640517.2  cuStreamSynchronize 
    19.3         74903781        127    589793.6      1745   3648568  1119366.1  cuMemAlloc_v2       
    12.0         46647930          1  46647930.0  46647930  46647930        0.0  cuMemHostAlloc      
     5.6         21641139          1  21641139.0  21641139  21641139        0.0  cuMemAllocManaged   
     4.6         17872521       3431      5209.1      2773     29630     2684.9  cuMemcpyHtoDAsync_v2
     2.9         11196987        570     19643.8      1171    476241    65729.4  cuEventSynchronize  
     0.8          3147036          1   3147036.0   3147036   3147036        0.0  cuMemAllocHost_v2   
     0.7          2900043          1   2900043.0   2900043   2900043        0.0  cuModuleLoadDataEx  
     0.6          2153405        410      5252.2      3005     21624     2631.0  cuMemcpyDtoHAsync_v2
     0.4          1503781        572      2629.0      1504     12170     1317.8  cuEventRecord       
     0.2           698925         40     17473.1     14722     36201     3487.9  cuLaunchKernel      
     0.2           640703        110      5824.6      2728     16813     2449.9  cuMemsetD32Async    
     0.1           527513        100      5275.1      3781     19120     2065.8  cuMemcpy2DAsync_v2  
     0.0            27217         15      1814.5       385      4538     1450.3  cuEventCreate       
     0.0            23894          1     23894.0     23894     23894        0.0  cuStreamCreate      
     0.0            18890          1     18890.0     18890     18890        0.0  cuMemcpyHtoD_v2     
     0.0             6616          2      3308.0      2817      3799      694.4  cuInit              



CUDA Memory Operation Statistics (by time):


 Time(%)  Total Time (ns)  Operations  Average   Minimum  Maximum   StdDev       Operation     
 -------  ---------------  ----------  --------  -------  -------  --------  ------------------
    80.6        275356035        3532   77960.4     1280   524475  147197.7  [CUDA memcpy HtoD]
    19.4         66308231         410  161727.4     1535   482716  156516.2  [CUDA memcpy DtoH]
     0.0           164068         110    1491.5     1280     2656     296.3  [CUDA memset]     



CUDA Memory Operation Statistics (by time):

 Time(%)  Total Time (ns)  Operations  Average   Minimum  Maximum   StdDev       Operation     
 -------  ---------------  ----------  --------  -------  -------  --------  ------------------
    80.6        241918702        3532   68493.4     1280   525948  127748.9  [CUDA memcpy HtoD]
    19.3         57943065         410  141324.5     1568   471421  126981.2  [CUDA memcpy DtoH]
     0.1           155549         110    1414.1     1280     2144     211.3  [CUDA memset]     


CUDA API Statistics:

 Time(%)  Total Time (ns)  Num Calls   Average    Minimum   Maximum    StdDev            Name        
 -------  ---------------  ---------  ----------  --------  --------  ---------  --------------------
    44.9        148369023        191    776801.2      6835   3533924   926219.3  cuStreamSynchronize 
    22.4         74147864        127    583841.4      1466   3547891  1100581.4  cuMemAlloc_v2       
    14.4         47473646          1  47473646.0  47473646  47473646        0.0  cuMemHostAlloc      
     6.3         20887047          1  20887047.0  20887047  20887047        0.0  cuMemAllocManaged   
     5.2         17322957       3431      5049.0      2612     57390     2873.0  cuMemcpyHtoDAsync_v2
     3.2         10686257        570     18747.8      1165    448739    60006.2  cuEventSynchronize  
     1.0          3141934          1   3141934.0   3141934   3141934        0.0  cuMemAllocHost_v2   
     0.9          2825221          1   2825221.0   2825221   2825221        0.0  cuModuleLoadDataEx  
     0.6          2134685        410      5206.5      2764     23230     2998.2  cuMemcpyDtoHAsync_v2
     0.4          1407651        572      2460.9      1398     19696     1404.9  cuEventRecord       
     0.2           654602         40     16365.1     13769     44323     4937.7  cuLaunchKernel      
     0.2           626093        110      5691.8      2606     40840     3946.4  cuMemsetD32Async    
     0.2           548012        100      5480.1      3602     24240     2976.5  cuMemcpy2DAsync_v2  
     0.0            25569         15      1704.6       403      3985     1243.7  cuEventCreate       
     0.0            21647          1     21647.0     21647     21647        0.0  cuMemcpyHtoD_v2     
     0.0            15583          1     15583.0     15583     15583        0.0  cuStreamCreate      
     0.0             6358          2      3179.0      2470      3888     1002.7  cuInit              



CUDA Kernel Statistics:

 Time(%)  Total Time (ns)  Instances   Average   Minimum  Maximum   StdDev              Name           
 -------  ---------------  ---------  ---------  -------  -------  --------  --------------------------
    37.1         56181915         10  5618191.5  5182559  6278424  432842.0  nvkernel_ppush__F1L665_1_ 
    35.7         54159784         10  5415978.4  5006464  6140281  466692.6  nvkernel_cpush__F1L1124_2_
    27.2         41213020         20  2060651.0  1926771  2275890  147171.2  nvkernel_grid1__F1L1732_3_



CUDA Memory Operation Statistics (by size in KiB):

    Total     Operations  Average   Minimum  Maximum    StdDev       Operation     
 -----------  ----------  --------  -------  --------  --------  ------------------
  685692.109         410  1672.420    0.008  3096.000  1429.015  [CUDA memcpy DtoH]
 1821390.418        3532   515.682    0.008  3096.000   983.767  [CUDA memcpy HtoD]
       0.547         110     0.005    0.004     0.008     0.002  [CUDA memset]     



CUDA Memory Operation Statistics (by size in KiB):

    Total     Operations  Average   Minimum  Maximum    StdDev       Operation     
 -----------  ----------  --------  -------  --------  --------  ------------------
  685692.109         410  1672.420    0.008  3096.000  1429.015  [CUDA memcpy DtoH]
 1821390.418        3532   515.682    0.008  3096.000   983.767  [CUDA memcpy HtoD]
       0.547         110     0.005    0.004     0.008     0.002  [CUDA memset]     



CUDA Kernel Statistics:



CUDA API Statistics:

 Time(%)  Total Time (ns)  Instances   Average   Minimum  Maximum   StdDev              Name           
 -------  ---------------  ---------  ---------  -------  -------  --------  --------------------------
    36.3         31430748         10  3143074.8  2984584  3529795  203816.8  nvkernel_cpush__F1L1124_2_
    36.2         31372476         10  3137247.6  2976743  3531682  192363.0  nvkernel_ppush__F1L665_1_ 
    27.5         23864351         20  1193217.6  1139255  1341397   83466.4  nvkernel_grid1__F1L1732_3_
 Time(%)  Total Time (ns)  Num Calls   Average    Minimum   Maximum    StdDev            Name        
 -------  ---------------  ---------  ----------  --------  --------  ---------  --------------------
    46.7        159694808        191    836098.5      7141   4530481  1161031.9  cuStreamSynchronize 
    21.6         74037587        127    582973.1      1488   3447146  1099364.4  cuMemAlloc_v2       
    13.7         46951034          1  46951034.0  46951034  46951034        0.0  cuMemHostAlloc      
     6.1         20735127          1  20735127.0  20735127  20735127        0.0  cuMemAllocManaged   
     5.1         17421544       3431      5077.7      2671     31256     2677.7  cuMemcpyHtoDAsync_v2
     3.5         12125552        570     21272.9      1104    492575    74661.4  cuEventSynchronize  
     0.9          3123890          1   3123890.0   3123890   3123890        0.0  cuMemAllocHost_v2   
     0.8          2670087          1   2670087.0   2670087   2670087        0.0  cuModuleLoadDataEx  
     0.6          2144273        410      5229.9      2841     22445     2854.1  cuMemcpyDtoHAsync_v2
     0.4          1422173        572      2486.3      1381     11714     1334.0  cuEventRecord       
     0.2           670925         40     16773.1     13438     39313     4600.6  cuLaunchKernel      
     0.2           669388        110      6085.3      2561     42474     4191.6  cuMemsetD32Async    
     0.2           541699        100      5417.0      3637     19039     2325.3  cuMemcpy2DAsync_v2  
     0.0            33149         15      2209.9       384      9467     2380.9  cuEventCreate       
     0.0            20549          1     20549.0     20549     20549        0.0  cuMemcpyHtoD_v2     
     0.0            17964          1     17964.0     17964     17964        0.0  cuStreamCreate      
     0.0             6270          2      3135.0      2443      3827      978.6  cuInit              


CUDA API Statistics:

 Time(%)  Total Time (ns)  Num Calls   Average    Minimum   Maximum    StdDev            Name        
 -------  ---------------  ---------  ----------  --------  --------  ---------  --------------------
    47.6        162897253        191    852865.2      6474   4659211  1248952.2  cuStreamSynchronize 
    20.3         69450784        127    546856.6      1526   3272884  1057829.6  cuMemAlloc_v2       
    14.1         48150892          1  48150892.0  48150892  48150892        0.0  cuMemHostAlloc      
     6.1         20834018          1  20834018.0  20834018  20834018        0.0  cuMemAllocManaged   
     5.0         17036607       3431      4965.5      2533     72928     2817.8  cuMemcpyHtoDAsync_v2
     3.6         12322729        570     21618.8      1150    487197    74746.9  cuEventSynchronize  
     0.9          2906837          1   2906837.0   2906837   2906837        0.0  cuModuleLoadDataEx  
     0.8          2657321          1   2657321.0   2657321   2657321        0.0  cuMemAllocHost_v2   
     0.6          2137584        410      5213.6      2765     18081     2647.5  cuMemcpyDtoHAsync_v2
     0.4          1421411        572      2485.0      1307     23097     1537.2  cuEventRecord       
     0.2           819892         40     20497.3     14820     88037    11184.2  cuLaunchKernel      
     0.2           668589        110      6078.1      2646     27639     3619.5  cuMemsetD32Async    
     0.1           503447        100      5034.5      3633     23778     2215.8  cuMemcpy2DAsync_v2  
     0.0            31644         15      2109.6       359      5040     1409.2  cuEventCreate       
     0.0            23423          1     23423.0     23423     23423        0.0  cuMemcpyHtoD_v2     
     0.0            15073          1     15073.0     15073     15073        0.0  cuStreamCreate      
     0.0             6515          2      3257.5      2796      3719      652.7  cuInit              



CUDA Memory Operation Statistics (by time):

 Time(%)  Total Time (ns)  Operations  Average   Minimum  Maximum   StdDev       Operation     
 -------  ---------------  ----------  --------  -------  -------  --------  ------------------
    80.5        275484520        3532   77996.7     1280   524828  146805.4  [CUDA memcpy HtoD]
    19.4         66475508         410  162135.4     1536   476829  156130.3  [CUDA memcpy DtoH]
     0.0           159419         110    1449.3     1280     2144     255.4  [CUDA memset]     



CUDA Kernel Statistics:

 Time(%)  Total Time (ns)  Instances   Average   Minimum  Maximum   StdDev              Name           
 -------  ---------------  ---------  ---------  -------  -------  --------  --------------------------
    37.0         40355154         10  4035515.4  3743195  4527443  295795.4  nvkernel_ppush__F1L665_1_ 
    35.7         38937085         10  3893708.5  3733211  4318869  194706.8  nvkernel_cpush__F1L1124_2_
    27.3         29723739         20  1486187.0  1415186  1646800   90258.1  nvkernel_grid1__F1L1732_3_



CUDA Memory Operation Statistics (by time):




CUDA Kernel Statistics:

 Time(%)  Total Time (ns)  Operations  Average   Minimum  Maximum   StdDev       Operation     
 -------  ---------------  ----------  --------  -------  -------  --------  ------------------
    80.6        278394387        3532   78820.6     1343   531259  148536.3  [CUDA memcpy HtoD]
    19.4         66893073         410  163153.8     1600   483356  158781.5  [CUDA memcpy DtoH]
     0.0           164704         110    1497.3     1312     4032     341.7  [CUDA memset]     
 Time(%)  Total Time (ns)  Instances   Average   Minimum  Maximum   StdDev              Name           
 -------  ---------------  ---------  ---------  -------  -------  --------  --------------------------
    37.1         42960223         10  4296022.3  3924003  4655709  283782.4  nvkernel_ppush__F1L665_1_ 
    35.9         41645740         10  4164574.0  3883907  4579774  270624.5  nvkernel_cpush__F1L1124_2_
    27.0         31345462         20  1567273.1  1457973  1718515  111663.8  nvkernel_grid1__F1L1732_3_



CUDA Memory Operation Statistics (by size in KiB):

    Total     Operations  Average   Minimum  Maximum    StdDev       Operation     
 -----------  ----------  --------  -------  --------  --------  ------------------
  685692.109         410  1672.420    0.008  3096.000  1429.015  [CUDA memcpy DtoH]
 1821390.418        3532   515.682    0.008  3096.000   983.767  [CUDA memcpy HtoD]
       0.547         110     0.005    0.004     0.008     0.002  [CUDA memset]     





CUDA Memory Operation Statistics (by time):




CUDA Memory Operation Statistics (by size in KiB):

 Time(%)  Total Time (ns)  Operations  Average   Minimum  Maximum   StdDev       Operation     
 -------  ---------------  ----------  --------  -------  -------  --------  ------------------
    81.6        264792463        3532   74969.6     1344   535962  140880.1  [CUDA memcpy HtoD]
    18.3         59488273         410  145093.3     1599   477692  133645.5  [CUDA memcpy DtoH]
     0.1           168126         110    1528.4     1343     5312     426.5  [CUDA memset]     
    Total     Operations  Average   Minimum  Maximum    StdDev       Operation     
 -----------  ----------  --------  -------  --------  --------  ------------------
  685692.109         410  1672.420    0.008  3096.000  1429.015  [CUDA memcpy DtoH]
 1821390.418        3532   515.682    0.008  3096.000   983.767  [CUDA memcpy HtoD]
       0.547         110     0.005    0.004     0.008     0.002  [CUDA memset]     



CUDA Memory Operation Statistics (by time):

 Time(%)  Total Time (ns)  Operations  Average   Minimum  Maximum   StdDev       Operation     
 -------  ---------------  ----------  --------  -------  -------  --------  ------------------
    80.7        242135110        3532   68554.7     1280   526012  124508.8  [CUDA memcpy HtoD]
    19.3         57817936         410  141019.4     1536   472732  127512.7  [CUDA memcpy DtoH]
     0.1           176381         110    1603.5     1280     4704     442.3  [CUDA memset]     



CUDA Memory Operation Statistics (by size in KiB):

    Total     Operations  Average   Minimum  Maximum    StdDev       Operation     
 -----------  ----------  --------  -------  --------  --------  ------------------
  685692.109         410  1672.420    0.008  3096.000  1429.015  [CUDA memcpy DtoH]
 1821390.418        3532   515.682    0.008  3096.000   983.767  [CUDA memcpy HtoD]
       0.547         110     0.005    0.004     0.008     0.002  [CUDA memset]     



CUDA Memory Operation Statistics (by size in KiB):

    Total     Operations  Average   Minimum  Maximum    StdDev       Operation     
 -----------  ----------  --------  -------  --------  --------  ------------------
  685692.109         410  1672.420    0.008  3096.000  1429.015  [CUDA memcpy DtoH]
 1821390.418        3532   515.682    0.008  3096.000   983.767  [CUDA memcpy HtoD]
       0.547         110     0.005    0.004     0.008     0.002  [CUDA memset]     




CUDA API Statistics:

 Time(%)  Total Time (ns)  Num Calls   Average    Minimum   Maximum    StdDev            Name        
 -------  ---------------  ---------  ----------  --------  --------  ---------  --------------------
    55.2        221306304        191   1158671.7      7710   6903031  1839391.6  cuStreamSynchronize 
    18.0         72073228        127    567505.7      1567   3381158  1075718.8  cuMemAlloc_v2       
    11.3         45321224          1  45321224.0  45321224  45321224        0.0  cuMemHostAlloc      
     5.1         20640529          1  20640529.0  20640529  20640529        0.0  cuMemAllocManaged   
     4.4         17474885       3431      5093.2      2790     56305     2740.6  cuMemcpyHtoDAsync_v2
     3.3         13042192        570     22881.0      1191    467825    79144.0  cuEventSynchronize  
     0.8          3219276          1   3219276.0   3219276   3219276        0.0  cuMemAllocHost_v2   
     0.7          2775408          1   2775408.0   2775408   2775408        0.0  cuModuleLoadDataEx  
     0.5          2032149        410      4956.5      3060     14642     2171.6  cuMemcpyDtoHAsync_v2
     0.4          1475545        572      2579.6      1498     10743     1203.2  cuEventRecord       
     0.2           634724         40     15868.1     12683     35395     3646.5  cuLaunchKernel      
     0.2           614247        110      5584.1      2789     11592     1893.2  cuMemsetD32Async    
     0.1           520891        100      5208.9      3821     15269     1838.9  cuMemcpy2DAsync_v2  
     0.0            24782         15      1652.1       423      3480     1098.2  cuEventCreate       
     0.0            19008          1     19008.0     19008     19008        0.0  cuMemcpyHtoD_v2     
     0.0            17587          1     17587.0     17587     17587        0.0  cuStreamCreate      
     0.0             6872          2      3436.0      2308      4564     1595.2  cuInit              





CUDA Kernel Statistics:

 Time(%)  Total Time (ns)  Instances   Average   Minimum  Maximum   StdDev              Name           
 -------  ---------------  ---------  ---------  -------  -------  --------  --------------------------
    37.3         63031910         10  6303191.0  5908392  6899646  411465.1  nvkernel_ppush__F1L665_1_ 
    35.7         60291299         10  6029129.9  5668234  6694784  362709.2  nvkernel_cpush__F1L1124_2_
    27.0         45715597         20  2285779.9  2148140  2512072  156387.5  nvkernel_grid1__F1L1732_3_



CUDA Memory Operation Statistics (by time):

 Time(%)  Total Time (ns)  Operations  Average   Minimum  Maximum   StdDev       Operation     
 -------  ---------------  ----------  --------  -------  -------  --------  ------------------
    80.6        278820511        3532   78941.3     1344   531003  147884.9  [CUDA memcpy HtoD]
    19.4         66939942         410  163268.2     1599   481979  157964.2  [CUDA memcpy DtoH]
     0.1           174103         110    1582.8     1343     3200     317.6  [CUDA memset]     



CUDA Memory Operation Statistics (by size in KiB):

    Total     Operations  Average   Minimum  Maximum    StdDev       Operation     
 -----------  ----------  --------  -------  --------  --------  ------------------
  685692.109         410  1672.420    0.008  3096.000  1429.015  [CUDA memcpy DtoH]
 1821390.418        3532   515.682    0.008  3096.000   983.767  [CUDA memcpy HtoD]
       0.547         110     0.005    0.004     0.008     0.002  [CUDA memset]     

