  258    1  100   32
time step=      0
 0.000E+00
 0.268E-14
 0.536E-14
 0.803E-14
 0.107E-13
 0.134E-13
 0.161E-13
 0.187E-13
 0.214E-13
 0.241E-13
 0.268E-13
 0.295E-13
 0.321E-13
 0.348E-13
 0.375E-13
 0.402E-13
 0.428E-13
 0.455E-13
 0.482E-13
 0.509E-13
 0.536E-13
 0.562E-13
 0.589E-13
 0.616E-13
 0.643E-13
 0.670E-13
 0.696E-13
 0.723E-13
 0.750E-13
 0.777E-13
 0.803E-13
 0.830E-13
 0.857E-13
 0.884E-13
 0.911E-13
 0.937E-13
 0.964E-13
 0.991E-13
 0.102E-12
 0.104E-12
 0.107E-12
 0.110E-12
 0.113E-12
 0.115E-12
 0.118E-12
 0.121E-12
 0.123E-12
 0.126E-12
 0.129E-12
 0.131E-12
 0.134E-12
 0.137E-12
 0.139E-12
 0.142E-12
 0.145E-12
 0.147E-12
 0.150E-12
 0.153E-12
 0.156E-12
 0.158E-12
 0.161E-12
 0.164E-12
 0.166E-12
 0.169E-12
 0.172E-12
 0.175E-12
 0.177E-12
 0.180E-12
 0.183E-12
 0.185E-12
 0.189E-12
 0.192E-12
 0.195E-12
 0.198E-12
 0.201E-12
 0.203E-12
 0.206E-12
 0.209E-12
 0.212E-12
 0.216E-12
 0.219E-12
 0.224E-12
 0.227E-12
 0.232E-12
 0.236E-12
 0.241E-12
 0.244E-12
 0.248E-12
 0.253E-12
 0.259E-12
 0.262E-12
 0.268E-12
 0.277E-12
 0.280E-12
 0.284E-12
 0.289E-12
 0.293E-12
 0.295E-12
 0.298E-12
 0.300E-12
 0.299E-12
 0.301E-12
 0.307E-12
 0.307E-12
 0.304E-12
 0.306E-12
 0.308E-12
 0.312E-12
 0.316E-12
 0.321E-12
 0.323E-12
 0.329E-12
 0.337E-12
 0.342E-12
 0.345E-12
 0.349E-12
 0.348E-12
 0.350E-12
 0.353E-12
 0.351E-12
 0.356E-12
 0.355E-12
 0.357E-12
 0.363E-12
 0.360E-12
 0.357E-12
 0.358E-12
 0.356E-12
 0.352E-12
 0.350E-12
 0.347E-12
 0.345E-12
 0.342E-12
 0.336E-12
 0.332E-12
 0.332E-12
 0.328E-12
 0.327E-12
 0.325E-12
 0.326E-12
 0.323E-12
 0.320E-12
 0.319E-12
 0.318E-12
 0.318E-12
 0.316E-12
 0.314E-12
 0.313E-12
 0.311E-12
 0.309E-12
 0.309E-12
 0.306E-12
 0.304E-12
 0.303E-12
 0.301E-12
 0.298E-12
 0.295E-12
 0.291E-12
 0.288E-12
 0.284E-12
 0.281E-12
 0.278E-12
 0.276E-12
 0.273E-12
 0.270E-12
 0.268E-12
 0.264E-12
 0.262E-12
 0.259E-12
 0.256E-12
 0.253E-12
 0.250E-12
 0.247E-12
 0.244E-12
 0.241E-12
 0.238E-12
 0.235E-12
 0.232E-12
 0.229E-12
 0.226E-12
 0.223E-12
 0.220E-12
 0.218E-12
 0.215E-12
 0.212E-12
 0.209E-12
 0.206E-12
 0.203E-12
 0.200E-12
 0.197E-12
 0.194E-12
 0.192E-12
 0.189E-12
 0.186E-12
 0.183E-12
 0.180E-12
 0.177E-12
 0.174E-12
 0.171E-12
 0.169E-12
 0.166E-12
 0.163E-12
 0.160E-12
 0.157E-12
 0.154E-12
 0.151E-12
 0.149E-12
 0.146E-12
 0.143E-12
 0.140E-12
 0.137E-12
 0.134E-12
 0.131E-12
 0.129E-12
 0.126E-12
 0.123E-12
 0.120E-12
 0.117E-12
 0.114E-12
 0.111E-12
 0.109E-12
 0.106E-12
 0.103E-12
 0.100E-12
 0.972E-13
 0.943E-13
 0.915E-13
 0.886E-13
 0.857E-13
 0.829E-13
 0.800E-13
 0.772E-13
 0.743E-13
 0.715E-13
 0.686E-13
 0.657E-13
 0.629E-13
 0.600E-13
 0.572E-13
 0.543E-13
 0.514E-13
 0.486E-13
 0.457E-13
 0.429E-13
 0.400E-13
 0.372E-13
 0.343E-13
 0.314E-13
 0.286E-13
 0.257E-13
 0.229E-13
 0.200E-13
 0.171E-13
 0.143E-13
 0.114E-13
 0.857E-14
 0.572E-14
 0.286E-14
 0.000E+00
