     1    10     4 0.324E+02
     0     1     4
     0     2     4
     0     3     4
     0     4     4
 0.621E-06-0.782E-06
-0.309E-05-0.185E-05
-0.210E-06 0.130E-05
 0.159E-06-0.495E-06
 0.629E-05 0.657E-06
 0.496E-05-0.139E-05
 0.533E-05-0.477E-06
 0.873E-05 0.314E-05
 0.645E-05 0.368E-05
 0.000E+00 0.000E+00
-0.108E-18 0.217E-18
-0.542E-19-0.271E-19
 0.159E-19-0.383E-19
 0.108E-18-0.262E-18
 0.000E+00 0.000E+00
 0.153E-18-0.153E-18
-0.140E-18-0.767E-19
 0.280E-18 0.243E-18
-0.127E-18-0.127E-18
 0.000E+00 0.000E+00
-0.255E-18 0.114E-18
-0.524E-19 0.384E-19
-0.863E-19-0.320E-19
 0.174E-19-0.509E-19
-0.461E-19 0.313E-19
 0.281E-18 0.680E-19
 0.637E-19 0.412E-18
-0.477E-18-0.654E-18
 0.172E-18 0.294E-18
 0.000E+00 0.000E+00
-0.217E-18-0.217E-18
-0.542E-19 0.000E+00
-0.542E-19 0.542E-19
 0.000E+00 0.000E+00
 0.542E-19 0.000E+00
 0.000E+00 0.000E+00
 0.217E-18 0.000E+00
 0.434E-18 0.434E-18
 0.000E+00 0.000E+00
 0.000E+00 0.000E+00
 0.866E-06
 0.814E-06
 0.788E-06
 0.752E-06
 0.824E-06
 0.966E-06
 0.103E-05
 0.123E-05
 0.182E-05
 0.000E+00
 0.174E-12
 0.228E-11
 0.136E-10
 0.913E-11
-0.988E-11
-0.123E-10
-0.258E-10
 0.519E-10
 0.834E-10
 0.000E+00
-0.134E-10
-0.132E-10
-0.288E-10
-0.691E-10
-0.138E-09
-0.172E-09
-0.201E-09
 0.634E-10
 0.263E-09
 0.000E+00
 0.000E+00
 0.000E+00
 0.000E+00
 0.000E+00
 0.000E+00
 0.000E+00
 0.000E+00
 0.000E+00
 0.000E+00
 0.000E+00
 0.553E-02
 0.197E-02
 0.246E-02
 0.311E-02
 0.190E-02
 0.952E-02
 0.782E-02
 0.131E-01
 0.192E-01
 0.000E+00
