  258    8    1*****   32
 0.00E+00
 0.27E-14
 0.54E-14
 0.80E-14
 0.11E-13
 0.13E-13
 0.16E-13
 0.19E-13
 0.21E-13
 0.24E-13
 0.27E-13
 0.29E-13
 0.32E-13
 0.35E-13
 0.37E-13
 0.40E-13
 0.43E-13
 0.46E-13
 0.48E-13
 0.51E-13
 0.54E-13
 0.56E-13
 0.59E-13
 0.62E-13
 0.64E-13
 0.67E-13
 0.70E-13
 0.72E-13
 0.75E-13
 0.78E-13
 0.80E-13
 0.83E-13
 0.86E-13
 0.88E-13
 0.91E-13
 0.94E-13
 0.96E-13
 0.99E-13
 0.10E-12
 0.10E-12
 0.11E-12
 0.11E-12
 0.11E-12
 0.12E-12
 0.12E-12
 0.12E-12
 0.12E-12
 0.13E-12
 0.13E-12
 0.13E-12
 0.13E-12
 0.14E-12
 0.14E-12
 0.14E-12
 0.15E-12
 0.15E-12
 0.15E-12
 0.15E-12
 0.16E-12
 0.16E-12
 0.16E-12
 0.16E-12
 0.17E-12
 0.17E-12
 0.17E-12
 0.18E-12
 0.18E-12
 0.18E-12
 0.18E-12
 0.19E-12
 0.19E-12
 0.19E-12
 0.20E-12
 0.20E-12
 0.20E-12
 0.20E-12
 0.21E-12
 0.21E-12
 0.21E-12
 0.22E-12
 0.22E-12
 0.23E-12
 0.23E-12
 0.23E-12
 0.24E-12
 0.24E-12
 0.25E-12
 0.25E-12
 0.26E-12
 0.26E-12
 0.27E-12
 0.27E-12
 0.28E-12
 0.28E-12
 0.29E-12
 0.29E-12
 0.29E-12
 0.30E-12
 0.30E-12
 0.30E-12
 0.30E-12
 0.30E-12
 0.31E-12
 0.31E-12
 0.31E-12
 0.31E-12
 0.31E-12
 0.32E-12
 0.32E-12
 0.33E-12
 0.33E-12
 0.33E-12
 0.34E-12
 0.34E-12
 0.35E-12
 0.35E-12
 0.35E-12
 0.35E-12
 0.36E-12
 0.36E-12
 0.36E-12
 0.36E-12
 0.36E-12
 0.36E-12
 0.36E-12
 0.36E-12
 0.36E-12
 0.36E-12
 0.36E-12
 0.35E-12
 0.35E-12
 0.35E-12
 0.35E-12
 0.34E-12
 0.34E-12
 0.34E-12
 0.33E-12
 0.33E-12
 0.33E-12
 0.33E-12
 0.33E-12
 0.33E-12
 0.32E-12
 0.32E-12
 0.32E-12
 0.32E-12
 0.32E-12
 0.32E-12
 0.32E-12
 0.31E-12
 0.31E-12
 0.31E-12
 0.31E-12
 0.31E-12
 0.30E-12
 0.30E-12
 0.30E-12
 0.30E-12
 0.29E-12
 0.29E-12
 0.28E-12
 0.28E-12
 0.28E-12
 0.28E-12
 0.27E-12
 0.27E-12
 0.27E-12
 0.26E-12
 0.26E-12
 0.26E-12
 0.25E-12
 0.25E-12
 0.25E-12
 0.25E-12
 0.24E-12
 0.24E-12
 0.24E-12
 0.23E-12
 0.23E-12
 0.23E-12
 0.22E-12
 0.22E-12
 0.22E-12
 0.21E-12
 0.21E-12
 0.21E-12
 0.21E-12
 0.20E-12
 0.20E-12
 0.20E-12
 0.19E-12
 0.19E-12
 0.19E-12
 0.19E-12
 0.18E-12
 0.18E-12
 0.18E-12
 0.17E-12
 0.17E-12
 0.17E-12
 0.17E-12
 0.16E-12
 0.16E-12
 0.16E-12
 0.15E-12
 0.15E-12
 0.15E-12
 0.15E-12
 0.14E-12
 0.14E-12
 0.14E-12
 0.13E-12
 0.13E-12
 0.13E-12
 0.13E-12
 0.12E-12
 0.12E-12
 0.12E-12
 0.11E-12
 0.11E-12
 0.11E-12
 0.11E-12
 0.10E-12
 0.10E-12
 0.97E-13
 0.94E-13
 0.91E-13
 0.89E-13
 0.86E-13
 0.83E-13
 0.80E-13
 0.77E-13
 0.74E-13
 0.71E-13
 0.69E-13
 0.66E-13
 0.63E-13
 0.60E-13
 0.57E-13
 0.54E-13
 0.51E-13
 0.49E-13
 0.46E-13
 0.43E-13
 0.40E-13
 0.37E-13
 0.34E-13
 0.31E-13
 0.29E-13
 0.26E-13
 0.23E-13
 0.20E-13
 0.17E-13
 0.14E-13
 0.11E-13
 0.86E-14
 0.57E-14
 0.29E-14
 0.00E+00
 0.00E+00
 0.27E-14
 0.54E-14
 0.80E-14
 0.11E-13
 0.13E-13
 0.16E-13
 0.19E-13
 0.21E-13
 0.24E-13
 0.27E-13
 0.29E-13
 0.32E-13
 0.35E-13
 0.37E-13
 0.40E-13
 0.43E-13
 0.46E-13
 0.48E-13
 0.51E-13
 0.54E-13
 0.56E-13
 0.59E-13
 0.62E-13
 0.64E-13
 0.67E-13
 0.70E-13
 0.72E-13
 0.75E-13
 0.78E-13
 0.80E-13
 0.83E-13
 0.86E-13
 0.88E-13
 0.91E-13
 0.94E-13
 0.96E-13
 0.99E-13
 0.10E-12
 0.10E-12
 0.11E-12
 0.11E-12
 0.11E-12
 0.12E-12
 0.12E-12
 0.12E-12
 0.12E-12
 0.13E-12
 0.13E-12
 0.13E-12
 0.13E-12
 0.14E-12
 0.14E-12
 0.14E-12
 0.14E-12
 0.15E-12
 0.15E-12
 0.15E-12
 0.16E-12
 0.16E-12
 0.16E-12
 0.16E-12
 0.17E-12
 0.17E-12
 0.17E-12
 0.17E-12
 0.18E-12
 0.18E-12
 0.18E-12
 0.19E-12
 0.19E-12
 0.19E-12
 0.19E-12
 0.20E-12
 0.20E-12
 0.20E-12
 0.21E-12
 0.21E-12
 0.21E-12
 0.22E-12
 0.22E-12
 0.22E-12
 0.23E-12
 0.23E-12
 0.24E-12
 0.24E-12
 0.24E-12
 0.25E-12
 0.25E-12
 0.26E-12
 0.26E-12
 0.27E-12
 0.27E-12
 0.28E-12
 0.28E-12
 0.29E-12
 0.29E-12
 0.29E-12
 0.29E-12
 0.30E-12
 0.30E-12
 0.30E-12
 0.30E-12
 0.30E-12
 0.30E-12
 0.30E-12
 0.30E-12
 0.31E-12
 0.31E-12
 0.32E-12
 0.32E-12
 0.32E-12
 0.33E-12
 0.33E-12
 0.34E-12
 0.34E-12
 0.34E-12
 0.34E-12
 0.34E-12
 0.35E-12
 0.35E-12
 0.35E-12
 0.35E-12
 0.35E-12
 0.35E-12
 0.35E-12
 0.35E-12
 0.35E-12
 0.35E-12
 0.34E-12
 0.34E-12
 0.34E-12
 0.33E-12
 0.33E-12
 0.33E-12
 0.33E-12
 0.32E-12
 0.32E-12
 0.32E-12
 0.32E-12
 0.32E-12
 0.32E-12
 0.32E-12
 0.32E-12
 0.32E-12
 0.31E-12
 0.31E-12
 0.31E-12
 0.31E-12
 0.31E-12
 0.31E-12
 0.30E-12
 0.30E-12
 0.30E-12
 0.30E-12
 0.30E-12
 0.29E-12
 0.29E-12
 0.29E-12
 0.28E-12
 0.28E-12
 0.28E-12
 0.28E-12
 0.27E-12
 0.27E-12
 0.27E-12
 0.26E-12
 0.26E-12
 0.26E-12
 0.26E-12
 0.25E-12
 0.25E-12
 0.25E-12
 0.24E-12
 0.24E-12
 0.24E-12
 0.24E-12
 0.23E-12
 0.23E-12
 0.23E-12
 0.22E-12
 0.22E-12
 0.22E-12
 0.21E-12
 0.21E-12
 0.21E-12
 0.21E-12
 0.20E-12
 0.20E-12
 0.20E-12
 0.19E-12
 0.19E-12
 0.19E-12
 0.19E-12
 0.18E-12
 0.18E-12
 0.18E-12
 0.17E-12
 0.17E-12
 0.17E-12
 0.17E-12
 0.16E-12
 0.16E-12
 0.16E-12
 0.15E-12
 0.15E-12
 0.15E-12
 0.15E-12
 0.14E-12
 0.14E-12
 0.14E-12
 0.13E-12
 0.13E-12
 0.13E-12
 0.13E-12
 0.12E-12
 0.12E-12
 0.12E-12
 0.11E-12
 0.11E-12
 0.11E-12
 0.11E-12
 0.10E-12
 0.10E-12
 0.97E-13
 0.94E-13
 0.91E-13
 0.89E-13
 0.86E-13
 0.83E-13
 0.80E-13
 0.77E-13
 0.74E-13
 0.71E-13
 0.69E-13
 0.66E-13
 0.63E-13
 0.60E-13
 0.57E-13
 0.54E-13
 0.51E-13
 0.49E-13
 0.46E-13
 0.43E-13
 0.40E-13
 0.37E-13
 0.34E-13
 0.31E-13
 0.29E-13
 0.26E-13
 0.23E-13
 0.20E-13
 0.17E-13
 0.14E-13
 0.11E-13
 0.86E-14
 0.57E-14
 0.29E-14
 0.00E+00
 0.00E+00
 0.27E-14
 0.54E-14
 0.80E-14
 0.11E-13
 0.13E-13
 0.16E-13
 0.19E-13
 0.21E-13
 0.24E-13
 0.27E-13
 0.29E-13
 0.32E-13
 0.35E-13
 0.37E-13
 0.40E-13
 0.43E-13
 0.46E-13
 0.48E-13
 0.51E-13
 0.54E-13
 0.56E-13
 0.59E-13
 0.62E-13
 0.64E-13
 0.67E-13
 0.70E-13
 0.72E-13
 0.75E-13
 0.78E-13
 0.80E-13
 0.83E-13
 0.86E-13
 0.88E-13
 0.91E-13
 0.94E-13
 0.96E-13
 0.99E-13
 0.10E-12
 0.10E-12
 0.11E-12
 0.11E-12
 0.11E-12
 0.11E-12
 0.12E-12
 0.12E-12
 0.12E-12
 0.13E-12
 0.13E-12
 0.13E-12
 0.13E-12
 0.14E-12
 0.14E-12
 0.14E-12
 0.14E-12
 0.15E-12
 0.15E-12
 0.15E-12
 0.15E-12
 0.16E-12
 0.16E-12
 0.16E-12
 0.16E-12
 0.17E-12
 0.17E-12
 0.17E-12
 0.17E-12
 0.17E-12
 0.18E-12
 0.18E-12
 0.18E-12
 0.18E-12
 0.18E-12
 0.19E-12
 0.19E-12
 0.19E-12
 0.19E-12
 0.19E-12
 0.19E-12
 0.20E-12
 0.20E-12
 0.20E-12
 0.20E-12
 0.20E-12
 0.20E-12
 0.20E-12
 0.21E-12
 0.21E-12
 0.21E-12
 0.21E-12
 0.21E-12
 0.22E-12
 0.22E-12
 0.22E-12
 0.23E-12
 0.23E-12
 0.23E-12
 0.23E-12
 0.22E-12
 0.22E-12
 0.22E-12
 0.22E-12
 0.22E-12
 0.22E-12
 0.21E-12
 0.21E-12
 0.21E-12
 0.21E-12
 0.21E-12
 0.21E-12
 0.21E-12
 0.21E-12
 0.22E-12
 0.23E-12
 0.23E-12
 0.23E-12
 0.22E-12
 0.23E-12
 0.23E-12
 0.23E-12
 0.23E-12
 0.24E-12
 0.24E-12
 0.24E-12
 0.24E-12
 0.24E-12
 0.24E-12
 0.24E-12
 0.25E-12
 0.25E-12
 0.25E-12
 0.25E-12
 0.25E-12
 0.24E-12
 0.24E-12
 0.24E-12
 0.24E-12
 0.25E-12
 0.25E-12
 0.25E-12
 0.25E-12
 0.25E-12
 0.25E-12
 0.26E-12
 0.26E-12
 0.26E-12
 0.26E-12
 0.26E-12
 0.26E-12
 0.27E-12
 0.27E-12
 0.27E-12
 0.27E-12
 0.27E-12
 0.27E-12
 0.27E-12
 0.27E-12
 0.27E-12
 0.27E-12
 0.26E-12
 0.26E-12
 0.26E-12
 0.26E-12
 0.26E-12
 0.26E-12
 0.26E-12
 0.25E-12
 0.25E-12
 0.25E-12
 0.25E-12
 0.25E-12
 0.24E-12
 0.24E-12
 0.24E-12
 0.24E-12
 0.23E-12
 0.23E-12
 0.23E-12
 0.23E-12
 0.22E-12
 0.22E-12
 0.22E-12
 0.22E-12
 0.21E-12
 0.21E-12
 0.21E-12
 0.21E-12
 0.20E-12
 0.20E-12
 0.20E-12
 0.19E-12
 0.19E-12
 0.19E-12
 0.19E-12
 0.18E-12
 0.18E-12
 0.18E-12
 0.17E-12
 0.17E-12
 0.17E-12
 0.17E-12
 0.16E-12
 0.16E-12
 0.16E-12
 0.15E-12
 0.15E-12
 0.15E-12
 0.15E-12
 0.14E-12
 0.14E-12
 0.14E-12
 0.13E-12
 0.13E-12
 0.13E-12
 0.13E-12
 0.12E-12
 0.12E-12
 0.12E-12
 0.11E-12
 0.11E-12
 0.11E-12
 0.11E-12
 0.10E-12
 0.10E-12
 0.97E-13
 0.94E-13
 0.91E-13
 0.89E-13
 0.86E-13
 0.83E-13
 0.80E-13
 0.77E-13
 0.74E-13
 0.71E-13
 0.69E-13
 0.66E-13
 0.63E-13
 0.60E-13
 0.57E-13
 0.54E-13
 0.51E-13
 0.49E-13
 0.46E-13
 0.43E-13
 0.40E-13
 0.37E-13
 0.34E-13
 0.31E-13
 0.29E-13
 0.26E-13
 0.23E-13
 0.20E-13
 0.17E-13
 0.14E-13
 0.11E-13
 0.86E-14
 0.57E-14
 0.29E-14
 0.00E+00
 0.00E+00
 0.27E-14
 0.54E-14
 0.80E-14
 0.11E-13
 0.13E-13
 0.16E-13
 0.19E-13
 0.21E-13
 0.24E-13
 0.27E-13
 0.29E-13
 0.32E-13
 0.35E-13
 0.37E-13
 0.40E-13
 0.43E-13
 0.46E-13
 0.48E-13
 0.51E-13
 0.54E-13
 0.56E-13
 0.59E-13
 0.62E-13
 0.64E-13
 0.67E-13
 0.70E-13
 0.72E-13
 0.75E-13
 0.78E-13
 0.80E-13
 0.83E-13
 0.86E-13
 0.88E-13
 0.91E-13
 0.94E-13
 0.96E-13
 0.99E-13
 0.10E-12
 0.10E-12
 0.11E-12
 0.11E-12
 0.11E-12
 0.11E-12
 0.12E-12
 0.12E-12
 0.12E-12
 0.12E-12
 0.13E-12
 0.13E-12
 0.13E-12
 0.13E-12
 0.14E-12
 0.14E-12
 0.14E-12
 0.14E-12
 0.15E-12
 0.15E-12
 0.15E-12
 0.15E-12
 0.15E-12
 0.16E-12
 0.16E-12
 0.16E-12
 0.16E-12
 0.16E-12
 0.16E-12
 0.16E-12
 0.16E-12
 0.16E-12
 0.17E-12
 0.17E-12
 0.17E-12
 0.17E-12
 0.17E-12
 0.17E-12
 0.17E-12
 0.16E-12
 0.16E-12
 0.16E-12
 0.16E-12
 0.16E-12
 0.15E-12
 0.15E-12
 0.15E-12
 0.15E-12
 0.14E-12
 0.14E-12
 0.14E-12
 0.13E-12
 0.13E-12
 0.13E-12
 0.13E-12
 0.13E-12
 0.13E-12
 0.13E-12
 0.12E-12
 0.12E-12
 0.10E-12
 0.95E-13
 0.89E-13
 0.85E-13
 0.80E-13
 0.71E-13
 0.61E-13
 0.51E-13
 0.46E-13
 0.38E-13
 0.34E-13
 0.37E-13
 0.29E-13
 0.32E-13
 0.37E-13
 0.46E-13
 0.41E-13
 0.38E-13
 0.30E-13
 0.34E-13
 0.31E-13
 0.28E-13
 0.40E-13
 0.43E-13
 0.44E-13
 0.56E-13
 0.58E-13
 0.54E-13
 0.62E-13
 0.62E-13
 0.70E-13
 0.82E-13
 0.85E-13
 0.89E-13
 0.10E-12
 0.93E-13
 0.98E-13
 0.11E-12
 0.11E-12
 0.12E-12
 0.13E-12
 0.13E-12
 0.14E-12
 0.14E-12
 0.15E-12
 0.16E-12
 0.16E-12
 0.17E-12
 0.17E-12
 0.18E-12
 0.19E-12
 0.19E-12
 0.20E-12
 0.21E-12
 0.21E-12
 0.21E-12
 0.22E-12
 0.22E-12
 0.23E-12
 0.23E-12
 0.23E-12
 0.23E-12
 0.23E-12
 0.23E-12
 0.24E-12
 0.24E-12
 0.24E-12
 0.24E-12
 0.24E-12
 0.24E-12
 0.24E-12
 0.24E-12
 0.24E-12
 0.24E-12
 0.23E-12
 0.23E-12
 0.23E-12
 0.23E-12
 0.23E-12
 0.23E-12
 0.22E-12
 0.22E-12
 0.22E-12
 0.22E-12
 0.21E-12
 0.21E-12
 0.21E-12
 0.21E-12
 0.20E-12
 0.20E-12
 0.20E-12
 0.20E-12
 0.19E-12
 0.19E-12
 0.19E-12
 0.19E-12
 0.18E-12
 0.18E-12
 0.18E-12
 0.17E-12
 0.17E-12
 0.17E-12
 0.17E-12
 0.16E-12
 0.16E-12
 0.16E-12
 0.15E-12
 0.15E-12
 0.15E-12
 0.15E-12
 0.14E-12
 0.14E-12
 0.14E-12
 0.13E-12
 0.13E-12
 0.13E-12
 0.13E-12
 0.12E-12
 0.12E-12
 0.12E-12
 0.11E-12
 0.11E-12
 0.11E-12
 0.11E-12
 0.10E-12
 0.10E-12
 0.97E-13
 0.94E-13
 0.91E-13
 0.89E-13
 0.86E-13
 0.83E-13
 0.80E-13
 0.77E-13
 0.74E-13
 0.71E-13
 0.69E-13
 0.66E-13
 0.63E-13
 0.60E-13
 0.57E-13
 0.54E-13
 0.51E-13
 0.49E-13
 0.46E-13
 0.43E-13
 0.40E-13
 0.37E-13
 0.34E-13
 0.31E-13
 0.29E-13
 0.26E-13
 0.23E-13
 0.20E-13
 0.17E-13
 0.14E-13
 0.11E-13
 0.86E-14
 0.57E-14
 0.29E-14
 0.00E+00
 0.00E+00
 0.27E-14
 0.54E-14
 0.80E-14
 0.11E-13
 0.13E-13
 0.16E-13
 0.19E-13
 0.21E-13
 0.24E-13
 0.27E-13
 0.29E-13
 0.32E-13
 0.35E-13
 0.37E-13
 0.40E-13
 0.43E-13
 0.46E-13
 0.48E-13
 0.51E-13
 0.54E-13
 0.56E-13
 0.59E-13
 0.62E-13
 0.64E-13
 0.67E-13
 0.70E-13
 0.72E-13
 0.75E-13
 0.78E-13
 0.80E-13
 0.83E-13
 0.86E-13
 0.88E-13
 0.91E-13
 0.94E-13
 0.96E-13
 0.99E-13
 0.10E-12
 0.10E-12
 0.11E-12
 0.11E-12
 0.11E-12
 0.11E-12
 0.12E-12
 0.12E-12
 0.12E-12
 0.12E-12
 0.13E-12
 0.13E-12
 0.13E-12
 0.13E-12
 0.14E-12
 0.14E-12
 0.14E-12
 0.14E-12
 0.14E-12
 0.15E-12
 0.15E-12
 0.15E-12
 0.15E-12
 0.15E-12
 0.15E-12
 0.16E-12
 0.16E-12
 0.16E-12
 0.16E-12
 0.16E-12
 0.16E-12
 0.16E-12
 0.16E-12
 0.16E-12
 0.16E-12
 0.16E-12
 0.16E-12
 0.15E-12
 0.15E-12
 0.15E-12
 0.15E-12
 0.14E-12
 0.14E-12
 0.14E-12
 0.13E-12
 0.13E-12
 0.12E-12
 0.12E-12
 0.11E-12
 0.11E-12
 0.10E-12
 0.93E-13
 0.92E-13
 0.85E-13
 0.90E-13
 0.79E-13
 0.80E-13
 0.78E-13
 0.67E-13
 0.57E-13
 0.37E-13
 0.27E-13
 0.21E-13
 0.13E-13
 0.87E-14
-0.36E-14
-0.15E-13
-0.27E-13
-0.35E-13
-0.45E-13
-0.51E-13
-0.51E-13
-0.61E-13
-0.57E-13
-0.52E-13
-0.40E-13
-0.48E-13
-0.53E-13
-0.64E-13
-0.57E-13
-0.64E-13
-0.72E-13
-0.57E-13
-0.55E-13
-0.56E-13
-0.40E-13
-0.32E-13
-0.38E-13
-0.26E-13
-0.28E-13
-0.17E-13
 0.83E-15
 0.69E-14
 0.11E-13
 0.27E-13
 0.22E-13
 0.26E-13
 0.42E-13
 0.44E-13
 0.64E-13
 0.67E-13
 0.80E-13
 0.85E-13
 0.90E-13
 0.10E-12
 0.11E-12
 0.12E-12
 0.13E-12
 0.13E-12
 0.14E-12
 0.15E-12
 0.16E-12
 0.17E-12
 0.18E-12
 0.18E-12
 0.19E-12
 0.19E-12
 0.20E-12
 0.21E-12
 0.21E-12
 0.21E-12
 0.22E-12
 0.22E-12
 0.22E-12
 0.23E-12
 0.23E-12
 0.23E-12
 0.23E-12
 0.23E-12
 0.23E-12
 0.23E-12
 0.23E-12
 0.23E-12
 0.23E-12
 0.23E-12
 0.23E-12
 0.23E-12
 0.23E-12
 0.22E-12
 0.22E-12
 0.22E-12
 0.22E-12
 0.22E-12
 0.21E-12
 0.21E-12
 0.21E-12
 0.21E-12
 0.21E-12
 0.20E-12
 0.20E-12
 0.20E-12
 0.20E-12
 0.19E-12
 0.19E-12
 0.19E-12
 0.18E-12
 0.18E-12
 0.18E-12
 0.18E-12
 0.17E-12
 0.17E-12
 0.17E-12
 0.17E-12
 0.16E-12
 0.16E-12
 0.16E-12
 0.15E-12
 0.15E-12
 0.15E-12
 0.15E-12
 0.14E-12
 0.14E-12
 0.14E-12
 0.13E-12
 0.13E-12
 0.13E-12
 0.13E-12
 0.12E-12
 0.12E-12
 0.12E-12
 0.11E-12
 0.11E-12
 0.11E-12
 0.11E-12
 0.10E-12
 0.10E-12
 0.97E-13
 0.94E-13
 0.91E-13
 0.89E-13
 0.86E-13
 0.83E-13
 0.80E-13
 0.77E-13
 0.74E-13
 0.71E-13
 0.69E-13
 0.66E-13
 0.63E-13
 0.60E-13
 0.57E-13
 0.54E-13
 0.51E-13
 0.49E-13
 0.46E-13
 0.43E-13
 0.40E-13
 0.37E-13
 0.34E-13
 0.31E-13
 0.29E-13
 0.26E-13
 0.23E-13
 0.20E-13
 0.17E-13
 0.14E-13
 0.11E-13
 0.86E-14
 0.57E-14
 0.29E-14
 0.00E+00
 0.00E+00
 0.27E-14
 0.54E-14
 0.80E-14
 0.11E-13
 0.13E-13
 0.16E-13
 0.19E-13
 0.21E-13
 0.24E-13
 0.27E-13
 0.29E-13
 0.32E-13
 0.35E-13
 0.37E-13
 0.40E-13
 0.43E-13
 0.46E-13
 0.48E-13
 0.51E-13
 0.54E-13
 0.56E-13
 0.59E-13
 0.62E-13
 0.64E-13
 0.67E-13
 0.70E-13
 0.72E-13
 0.75E-13
 0.78E-13
 0.80E-13
 0.83E-13
 0.86E-13
 0.88E-13
 0.91E-13
 0.94E-13
 0.96E-13
 0.99E-13
 0.10E-12
 0.10E-12
 0.11E-12
 0.11E-12
 0.11E-12
 0.11E-12
 0.12E-12
 0.12E-12
 0.12E-12
 0.12E-12
 0.13E-12
 0.13E-12
 0.13E-12
 0.13E-12
 0.14E-12
 0.14E-12
 0.14E-12
 0.14E-12
 0.15E-12
 0.15E-12
 0.15E-12
 0.15E-12
 0.15E-12
 0.16E-12
 0.16E-12
 0.16E-12
 0.16E-12
 0.16E-12
 0.16E-12
 0.16E-12
 0.17E-12
 0.17E-12
 0.17E-12
 0.17E-12
 0.17E-12
 0.17E-12
 0.17E-12
 0.17E-12
 0.17E-12
 0.17E-12
 0.16E-12
 0.16E-12
 0.16E-12
 0.16E-12
 0.16E-12
 0.16E-12
 0.16E-12
 0.15E-12
 0.15E-12
 0.15E-12
 0.14E-12
 0.14E-12
 0.14E-12
 0.14E-12
 0.14E-12
 0.13E-12
 0.13E-12
 0.13E-12
 0.13E-12
 0.12E-12
 0.11E-12
 0.98E-13
 0.94E-13
 0.89E-13
 0.89E-13
 0.80E-13
 0.72E-13
 0.66E-13
 0.59E-13
 0.53E-13
 0.51E-13
 0.50E-13
 0.45E-13
 0.51E-13
 0.55E-13
 0.66E-13
 0.62E-13
 0.59E-13
 0.51E-13
 0.58E-13
 0.53E-13
 0.43E-13
 0.55E-13
 0.56E-13
 0.54E-13
 0.67E-13
 0.76E-13
 0.70E-13
 0.80E-13
 0.77E-13
 0.83E-13
 0.97E-13
 0.10E-12
 0.10E-12
 0.11E-12
 0.11E-12
 0.11E-12
 0.12E-12
 0.12E-12
 0.14E-12
 0.14E-12
 0.15E-12
 0.15E-12
 0.15E-12
 0.16E-12
 0.17E-12
 0.17E-12
 0.18E-12
 0.18E-12
 0.19E-12
 0.20E-12
 0.20E-12
 0.21E-12
 0.21E-12
 0.22E-12
 0.22E-12
 0.22E-12
 0.23E-12
 0.23E-12
 0.23E-12
 0.23E-12
 0.23E-12
 0.23E-12
 0.24E-12
 0.24E-12
 0.24E-12
 0.24E-12
 0.24E-12
 0.24E-12
 0.24E-12
 0.24E-12
 0.24E-12
 0.24E-12
 0.24E-12
 0.23E-12
 0.23E-12
 0.23E-12
 0.23E-12
 0.23E-12
 0.23E-12
 0.22E-12
 0.22E-12
 0.22E-12
 0.22E-12
 0.21E-12
 0.21E-12
 0.21E-12
 0.21E-12
 0.20E-12
 0.20E-12
 0.20E-12
 0.20E-12
 0.19E-12
 0.19E-12
 0.19E-12
 0.19E-12
 0.18E-12
 0.18E-12
 0.18E-12
 0.17E-12
 0.17E-12
 0.17E-12
 0.17E-12
 0.16E-12
 0.16E-12
 0.16E-12
 0.15E-12
 0.15E-12
 0.15E-12
 0.15E-12
 0.14E-12
 0.14E-12
 0.14E-12
 0.13E-12
 0.13E-12
 0.13E-12
 0.13E-12
 0.12E-12
 0.12E-12
 0.12E-12
 0.11E-12
 0.11E-12
 0.11E-12
 0.11E-12
 0.10E-12
 0.10E-12
 0.97E-13
 0.94E-13
 0.91E-13
 0.89E-13
 0.86E-13
 0.83E-13
 0.80E-13
 0.77E-13
 0.74E-13
 0.71E-13
 0.69E-13
 0.66E-13
 0.63E-13
 0.60E-13
 0.57E-13
 0.54E-13
 0.51E-13
 0.49E-13
 0.46E-13
 0.43E-13
 0.40E-13
 0.37E-13
 0.34E-13
 0.31E-13
 0.29E-13
 0.26E-13
 0.23E-13
 0.20E-13
 0.17E-13
 0.14E-13
 0.11E-13
 0.86E-14
 0.57E-14
 0.29E-14
 0.00E+00
 0.00E+00
 0.27E-14
 0.54E-14
 0.80E-14
 0.11E-13
 0.13E-13
 0.16E-13
 0.19E-13
 0.21E-13
 0.24E-13
 0.27E-13
 0.29E-13
 0.32E-13
 0.35E-13
 0.37E-13
 0.40E-13
 0.43E-13
 0.46E-13
 0.48E-13
 0.51E-13
 0.54E-13
 0.56E-13
 0.59E-13
 0.62E-13
 0.64E-13
 0.67E-13
 0.70E-13
 0.72E-13
 0.75E-13
 0.78E-13
 0.80E-13
 0.83E-13
 0.86E-13
 0.88E-13
 0.91E-13
 0.94E-13
 0.96E-13
 0.99E-13
 0.10E-12
 0.10E-12
 0.11E-12
 0.11E-12
 0.11E-12
 0.12E-12
 0.12E-12
 0.12E-12
 0.12E-12
 0.13E-12
 0.13E-12
 0.13E-12
 0.13E-12
 0.14E-12
 0.14E-12
 0.14E-12
 0.14E-12
 0.15E-12
 0.15E-12
 0.15E-12
 0.15E-12
 0.16E-12
 0.16E-12
 0.16E-12
 0.16E-12
 0.17E-12
 0.17E-12
 0.17E-12
 0.17E-12
 0.17E-12
 0.18E-12
 0.18E-12
 0.18E-12
 0.18E-12
 0.19E-12
 0.19E-12
 0.19E-12
 0.19E-12
 0.19E-12
 0.19E-12
 0.20E-12
 0.20E-12
 0.20E-12
 0.20E-12
 0.20E-12
 0.21E-12
 0.21E-12
 0.21E-12
 0.21E-12
 0.21E-12
 0.22E-12
 0.22E-12
 0.22E-12
 0.22E-12
 0.23E-12
 0.23E-12
 0.23E-12
 0.23E-12
 0.23E-12
 0.23E-12
 0.23E-12
 0.23E-12
 0.23E-12
 0.23E-12
 0.23E-12
 0.23E-12
 0.22E-12
 0.22E-12
 0.22E-12
 0.22E-12
 0.22E-12
 0.23E-12
 0.23E-12
 0.23E-12
 0.24E-12
 0.24E-12
 0.25E-12
 0.25E-12
 0.25E-12
 0.25E-12
 0.25E-12
 0.24E-12
 0.25E-12
 0.25E-12
 0.25E-12
 0.26E-12
 0.26E-12
 0.26E-12
 0.26E-12
 0.26E-12
 0.26E-12
 0.26E-12
 0.26E-12
 0.26E-12
 0.26E-12
 0.26E-12
 0.26E-12
 0.26E-12
 0.26E-12
 0.26E-12
 0.26E-12
 0.26E-12
 0.26E-12
 0.26E-12
 0.27E-12
 0.27E-12
 0.27E-12
 0.27E-12
 0.27E-12
 0.27E-12
 0.27E-12
 0.27E-12
 0.27E-12
 0.27E-12
 0.27E-12
 0.27E-12
 0.27E-12
 0.27E-12
 0.27E-12
 0.27E-12
 0.27E-12
 0.27E-12
 0.27E-12
 0.26E-12
 0.26E-12
 0.26E-12
 0.26E-12
 0.26E-12
 0.26E-12
 0.25E-12
 0.25E-12
 0.25E-12
 0.25E-12
 0.25E-12
 0.24E-12
 0.24E-12
 0.24E-12
 0.24E-12
 0.23E-12
 0.23E-12
 0.23E-12
 0.22E-12
 0.22E-12
 0.22E-12
 0.22E-12
 0.21E-12
 0.21E-12
 0.21E-12
 0.21E-12
 0.20E-12
 0.20E-12
 0.20E-12
 0.19E-12
 0.19E-12
 0.19E-12
 0.19E-12
 0.18E-12
 0.18E-12
 0.18E-12
 0.17E-12
 0.17E-12
 0.17E-12
 0.17E-12
 0.16E-12
 0.16E-12
 0.16E-12
 0.15E-12
 0.15E-12
 0.15E-12
 0.15E-12
 0.14E-12
 0.14E-12
 0.14E-12
 0.13E-12
 0.13E-12
 0.13E-12
 0.13E-12
 0.12E-12
 0.12E-12
 0.12E-12
 0.11E-12
 0.11E-12
 0.11E-12
 0.11E-12
 0.10E-12
 0.10E-12
 0.97E-13
 0.94E-13
 0.91E-13
 0.89E-13
 0.86E-13
 0.83E-13
 0.80E-13
 0.77E-13
 0.74E-13
 0.71E-13
 0.69E-13
 0.66E-13
 0.63E-13
 0.60E-13
 0.57E-13
 0.54E-13
 0.51E-13
 0.49E-13
 0.46E-13
 0.43E-13
 0.40E-13
 0.37E-13
 0.34E-13
 0.31E-13
 0.29E-13
 0.26E-13
 0.23E-13
 0.20E-13
 0.17E-13
 0.14E-13
 0.11E-13
 0.86E-14
 0.57E-14
 0.29E-14
 0.00E+00
 0.00E+00
 0.27E-14
 0.54E-14
 0.80E-14
 0.11E-13
 0.13E-13
 0.16E-13
 0.19E-13
 0.21E-13
 0.24E-13
 0.27E-13
 0.29E-13
 0.32E-13
 0.35E-13
 0.37E-13
 0.40E-13
 0.43E-13
 0.46E-13
 0.48E-13
 0.51E-13
 0.54E-13
 0.56E-13
 0.59E-13
 0.62E-13
 0.64E-13
 0.67E-13
 0.70E-13
 0.72E-13
 0.75E-13
 0.78E-13
 0.80E-13
 0.83E-13
 0.86E-13
 0.88E-13
 0.91E-13
 0.94E-13
 0.96E-13
 0.99E-13
 0.10E-12
 0.10E-12
 0.11E-12
 0.11E-12
 0.11E-12
 0.12E-12
 0.12E-12
 0.12E-12
 0.12E-12
 0.13E-12
 0.13E-12
 0.13E-12
 0.13E-12
 0.14E-12
 0.14E-12
 0.14E-12
 0.14E-12
 0.15E-12
 0.15E-12
 0.15E-12
 0.16E-12
 0.16E-12
 0.16E-12
 0.16E-12
 0.17E-12
 0.17E-12
 0.17E-12
 0.17E-12
 0.18E-12
 0.18E-12
 0.18E-12
 0.19E-12
 0.19E-12
 0.19E-12
 0.20E-12
 0.20E-12
 0.20E-12
 0.20E-12
 0.21E-12
 0.21E-12
 0.21E-12
 0.22E-12
 0.22E-12
 0.22E-12
 0.23E-12
 0.23E-12
 0.24E-12
 0.24E-12
 0.25E-12
 0.25E-12
 0.25E-12
 0.26E-12
 0.26E-12
 0.27E-12
 0.28E-12
 0.28E-12
 0.28E-12
 0.29E-12
 0.29E-12
 0.29E-12
 0.30E-12
 0.30E-12
 0.30E-12
 0.30E-12
 0.30E-12
 0.31E-12
 0.31E-12
 0.31E-12
 0.31E-12
 0.31E-12
 0.32E-12
 0.32E-12
 0.32E-12
 0.33E-12
 0.33E-12
 0.34E-12
 0.34E-12
 0.35E-12
 0.35E-12
 0.35E-12
 0.35E-12
 0.35E-12
 0.35E-12
 0.35E-12
 0.36E-12
 0.36E-12
 0.36E-12
 0.36E-12
 0.36E-12
 0.35E-12
 0.35E-12
 0.35E-12
 0.35E-12
 0.34E-12
 0.34E-12
 0.34E-12
 0.33E-12
 0.33E-12
 0.33E-12
 0.33E-12
 0.33E-12
 0.33E-12
 0.32E-12
 0.32E-12
 0.32E-12
 0.32E-12
 0.32E-12
 0.32E-12
 0.32E-12
 0.31E-12
 0.31E-12
 0.31E-12
 0.31E-12
 0.31E-12
 0.31E-12
 0.30E-12
 0.30E-12
 0.30E-12
 0.30E-12
 0.29E-12
 0.29E-12
 0.29E-12
 0.28E-12
 0.28E-12
 0.28E-12
 0.27E-12
 0.27E-12
 0.27E-12
 0.27E-12
 0.26E-12
 0.26E-12
 0.26E-12
 0.25E-12
 0.25E-12
 0.25E-12
 0.24E-12
 0.24E-12
 0.24E-12
 0.24E-12
 0.23E-12
 0.23E-12
 0.23E-12
 0.22E-12
 0.22E-12
 0.22E-12
 0.21E-12
 0.21E-12
 0.21E-12
 0.21E-12
 0.20E-12
 0.20E-12
 0.20E-12
 0.19E-12
 0.19E-12
 0.19E-12
 0.19E-12
 0.18E-12
 0.18E-12
 0.18E-12
 0.17E-12
 0.17E-12
 0.17E-12
 0.17E-12
 0.16E-12
 0.16E-12
 0.16E-12
 0.15E-12
 0.15E-12
 0.15E-12
 0.15E-12
 0.14E-12
 0.14E-12
 0.14E-12
 0.13E-12
 0.13E-12
 0.13E-12
 0.13E-12
 0.12E-12
 0.12E-12
 0.12E-12
 0.11E-12
 0.11E-12
 0.11E-12
 0.11E-12
 0.10E-12
 0.10E-12
 0.97E-13
 0.94E-13
 0.91E-13
 0.89E-13
 0.86E-13
 0.83E-13
 0.80E-13
 0.77E-13
 0.74E-13
 0.71E-13
 0.69E-13
 0.66E-13
 0.63E-13
 0.60E-13
 0.57E-13
 0.54E-13
 0.51E-13
 0.49E-13
 0.46E-13
 0.43E-13
 0.40E-13
 0.37E-13
 0.34E-13
 0.31E-13
 0.29E-13
 0.26E-13
 0.23E-13
 0.20E-13
 0.17E-13
 0.14E-13
 0.11E-13
 0.86E-14
 0.57E-14
 0.29E-14
 0.00E+00
 0.00E+00
 0.27E-14
 0.54E-14
 0.80E-14
 0.11E-13
 0.13E-13
 0.16E-13
 0.19E-13
 0.21E-13
 0.24E-13
 0.27E-13
 0.29E-13
 0.32E-13
 0.35E-13
 0.37E-13
 0.40E-13
 0.43E-13
 0.46E-13
 0.48E-13
 0.51E-13
 0.54E-13
 0.56E-13
 0.59E-13
 0.62E-13
 0.64E-13
 0.67E-13
 0.70E-13
 0.72E-13
 0.75E-13
 0.78E-13
 0.80E-13
 0.83E-13
 0.86E-13
 0.88E-13
 0.91E-13
 0.94E-13
 0.96E-13
 0.99E-13
 0.10E-12
 0.10E-12
 0.11E-12
 0.11E-12
 0.11E-12
 0.12E-12
 0.12E-12
 0.12E-12
 0.12E-12
 0.13E-12
 0.13E-12
 0.13E-12
 0.13E-12
 0.14E-12
 0.14E-12
 0.14E-12
 0.15E-12
 0.15E-12
 0.15E-12
 0.15E-12
 0.16E-12
 0.16E-12
 0.16E-12
 0.16E-12
 0.17E-12
 0.17E-12
 0.17E-12
 0.18E-12
 0.18E-12
 0.18E-12
 0.18E-12
 0.19E-12
 0.19E-12
 0.19E-12
 0.20E-12
 0.20E-12
 0.20E-12
 0.21E-12
 0.21E-12
 0.21E-12
 0.21E-12
 0.22E-12
 0.22E-12
 0.23E-12
 0.23E-12
 0.23E-12
 0.24E-12
 0.24E-12
 0.25E-12
 0.25E-12
 0.26E-12
 0.26E-12
 0.27E-12
 0.27E-12
 0.28E-12
 0.28E-12
 0.29E-12
 0.29E-12
 0.30E-12
 0.30E-12
 0.30E-12
 0.30E-12
 0.30E-12
 0.31E-12
 0.31E-12
 0.31E-12
 0.31E-12
 0.31E-12
 0.31E-12
 0.32E-12
 0.32E-12
 0.33E-12
 0.33E-12
 0.33E-12
 0.34E-12
 0.34E-12
 0.35E-12
 0.35E-12
 0.35E-12
 0.35E-12
 0.36E-12
 0.36E-12
 0.36E-12
 0.36E-12
 0.36E-12
 0.36E-12
 0.36E-12
 0.36E-12
 0.36E-12
 0.36E-12
 0.36E-12
 0.35E-12
 0.35E-12
 0.35E-12
 0.35E-12
 0.34E-12
 0.34E-12
 0.34E-12
 0.33E-12
 0.33E-12
 0.33E-12
 0.33E-12
 0.33E-12
 0.33E-12
 0.32E-12
 0.32E-12
 0.32E-12
 0.32E-12
 0.32E-12
 0.32E-12
 0.32E-12
 0.31E-12
 0.31E-12
 0.31E-12
 0.31E-12
 0.31E-12
 0.30E-12
 0.30E-12
 0.30E-12
 0.30E-12
 0.29E-12
 0.29E-12
 0.28E-12
 0.28E-12
 0.28E-12
 0.28E-12
 0.27E-12
 0.27E-12
 0.27E-12
 0.26E-12
 0.26E-12
 0.26E-12
 0.25E-12
 0.25E-12
 0.25E-12
 0.25E-12
 0.24E-12
 0.24E-12
 0.24E-12
 0.23E-12
 0.23E-12
 0.23E-12
 0.22E-12
 0.22E-12
 0.22E-12
 0.21E-12
 0.21E-12
 0.21E-12
 0.21E-12
 0.20E-12
 0.20E-12
 0.20E-12
 0.19E-12
 0.19E-12
 0.19E-12
 0.19E-12
 0.18E-12
 0.18E-12
 0.18E-12
 0.17E-12
 0.17E-12
 0.17E-12
 0.17E-12
 0.16E-12
 0.16E-12
 0.16E-12
 0.15E-12
 0.15E-12
 0.15E-12
 0.15E-12
 0.14E-12
 0.14E-12
 0.14E-12
 0.13E-12
 0.13E-12
 0.13E-12
 0.13E-12
 0.12E-12
 0.12E-12
 0.12E-12
 0.11E-12
 0.11E-12
 0.11E-12
 0.11E-12
 0.10E-12
 0.10E-12
 0.97E-13
 0.94E-13
 0.91E-13
 0.89E-13
 0.86E-13
 0.83E-13
 0.80E-13
 0.77E-13
 0.74E-13
 0.71E-13
 0.69E-13
 0.66E-13
 0.63E-13
 0.60E-13
 0.57E-13
 0.54E-13
 0.51E-13
 0.49E-13
 0.46E-13
 0.43E-13
 0.40E-13
 0.37E-13
 0.34E-13
 0.31E-13
 0.29E-13
 0.26E-13
 0.23E-13
 0.20E-13
 0.17E-13
 0.14E-13
 0.11E-13
 0.86E-14
 0.57E-14
 0.29E-14
 0.00E+00
