 no. ion species, no. radial slices, no. timesteps, 
energy unit (eV), ref. density (cm**-3), length unit (cm), 
frequency unit (1/sec), veloc. unit (cm/sec),
 r-in/a, r-out/a
    1    8   10             0.000000E+00        0.000000E+00        3.245797E-03
        0.000000E+00        6.566690E+05        1.000000E-01        9.600000E-01

 species 0 (electrons)

 particle flux(1<=iradius<=nsubd,1<=timestep<=nm)

    1  0.00000E+00  0.00000E+00  0.00000E+00  0.00000E+00  0.00000E+00  0.00000E+00  0.00000E+00  0.00000E+00
    2  0.00000E+00  0.00000E+00  0.00000E+00  0.00000E+00  0.00000E+00  0.00000E+00  0.00000E+00  0.00000E+00
    3  0.00000E+00  0.00000E+00  0.00000E+00  0.00000E+00  0.00000E+00  0.00000E+00  0.00000E+00  0.00000E+00
    4  0.00000E+00  0.00000E+00  0.00000E+00  0.00000E+00  0.00000E+00  0.00000E+00  0.00000E+00  0.00000E+00
    5  0.00000E+00  0.00000E+00  0.00000E+00  0.00000E+00  0.00000E+00  0.00000E+00  0.00000E+00  0.00000E+00
    6  0.00000E+00  0.00000E+00  0.00000E+00  0.00000E+00  0.00000E+00  0.00000E+00  0.00000E+00  0.00000E+00
    7  0.00000E+00  0.00000E+00  0.00000E+00  0.00000E+00  0.00000E+00  0.00000E+00  0.00000E+00  0.00000E+00
    8  0.00000E+00  0.00000E+00  0.00000E+00  0.00000E+00  0.00000E+00  0.00000E+00  0.00000E+00  0.00000E+00
    9  0.00000E+00  0.00000E+00  0.00000E+00  0.00000E+00  0.00000E+00  0.00000E+00  0.00000E+00  0.00000E+00
   10  0.00000E+00  0.00000E+00  0.00000E+00  0.00000E+00  0.00000E+00  0.00000E+00  0.00000E+00  0.00000E+00

 energy flux(1<=iradius<=nsubd,1<=timestep<=nm)

    1  0.00000E+00  0.00000E+00  0.00000E+00  0.00000E+00  0.00000E+00  0.00000E+00  0.00000E+00  0.00000E+00
    2  0.00000E+00  0.00000E+00  0.00000E+00  0.00000E+00  0.00000E+00  0.00000E+00  0.00000E+00  0.00000E+00
    3  0.00000E+00  0.00000E+00  0.00000E+00  0.00000E+00  0.00000E+00  0.00000E+00  0.00000E+00  0.00000E+00
    4  0.00000E+00  0.00000E+00  0.00000E+00  0.00000E+00  0.00000E+00  0.00000E+00  0.00000E+00  0.00000E+00
    5  0.00000E+00  0.00000E+00  0.00000E+00  0.00000E+00  0.00000E+00  0.00000E+00  0.00000E+00  0.00000E+00
    6  0.00000E+00  0.00000E+00  0.00000E+00  0.00000E+00  0.00000E+00  0.00000E+00  0.00000E+00  0.00000E+00
    7  0.00000E+00  0.00000E+00  0.00000E+00  0.00000E+00  0.00000E+00  0.00000E+00  0.00000E+00  0.00000E+00
    8  0.00000E+00  0.00000E+00  0.00000E+00  0.00000E+00  0.00000E+00  0.00000E+00  0.00000E+00  0.00000E+00
    9  0.00000E+00  0.00000E+00  0.00000E+00  0.00000E+00  0.00000E+00  0.00000E+00  0.00000E+00  0.00000E+00
   10  0.00000E+00  0.00000E+00  0.00000E+00  0.00000E+00  0.00000E+00  0.00000E+00  0.00000E+00  0.00000E+00

 ion species 1

 particle flux(1<=iradius<=nsubd,1<=timestep<=nm)

    1  1.73605E-13  3.15580E-12  2.24369E-12  4.16243E-13 -7.87058E-13  4.50911E-13 -3.48982E-13  8.99109E-13
    2  2.28249E-12 -7.31545E-14  3.04797E-13  1.60080E-12 -6.18105E-13 -9.88230E-13 -1.39223E-13  8.43857E-13
    3  1.36260E-11  2.81273E-12  6.68734E-14  2.17442E-12 -1.23377E-12  4.56255E-13 -9.49894E-13  8.24395E-13
    4  9.13472E-12  8.69334E-12 -1.05754E-12  6.39913E-12  3.47474E-13  5.61783E-13  3.32003E-13  1.39808E-12
    5 -9.87716E-12  4.04337E-12 -1.75275E-12 -1.84424E-12 -1.75102E-13  2.80787E-12  3.17665E-13  3.95478E-13
    6 -1.23183E-11  2.51797E-12 -1.60458E-11  7.31345E-12 -4.72209E-12  1.74548E-12 -1.89239E-13  2.76680E-12
    7 -2.57849E-11  1.35772E-11 -1.16072E-11 -3.33451E-12 -6.12187E-12  1.61160E-12  4.11594E-13  6.25649E-12
    8  5.18876E-11  1.61560E-11  1.43016E-12  6.63503E-12 -2.98320E-12  1.57236E-12 -1.27587E-12  1.03976E-11
    9  8.33618E-11  3.31370E-13 -5.82000E-12  3.03997E-11  9.18130E-13 -2.57443E-13 -3.26823E-13  1.84145E-11
   10  0.00000E+00  0.00000E+00  0.00000E+00  0.00000E+00  0.00000E+00  0.00000E+00  0.00000E+00  0.00000E+00

 energy flux(1<=iradius<=nsubd,1<=timestep<=nm)

    1 -1.33633E-11  1.23626E-11  1.03416E-12  1.93353E-12 -4.59191E-12 -2.12426E-12 -5.07642E-13  1.32509E-13
    2 -1.32028E-11  1.09240E-11 -1.43522E-12  2.13888E-12 -6.42415E-12 -4.10010E-12 -6.81017E-13 -7.14632E-14
    3 -2.88261E-11 -1.64747E-12 -8.94594E-12 -1.30452E-12 -8.31863E-12 -1.97917E-12 -1.80733E-12  5.51139E-13
    4 -6.90588E-11  7.54645E-12 -8.35103E-12  5.34780E-12 -8.20037E-12 -8.86174E-13 -5.61512E-13 -2.32155E-12
    5 -1.38138E-10 -1.83742E-11 -1.87123E-11 -2.17370E-11 -7.33961E-12  1.91987E-12  8.69597E-15 -2.30926E-12
    6 -1.72011E-10 -3.16455E-11 -6.75206E-11  2.57058E-12 -2.11743E-11 -7.41824E-13 -3.27385E-14 -4.91600E-13
    7 -2.00705E-10  1.30154E-12 -5.62524E-11 -2.78619E-11 -2.59422E-11  7.55623E-13  1.46402E-12  1.01092E-11
    8  6.33634E-11  1.06027E-11 -1.17689E-11 -2.09025E-11 -2.53590E-11 -3.42328E-12 -1.59058E-12  1.15053E-12
    9  2.62710E-10 -3.36003E-11 -1.95207E-11  3.84885E-11 -5.72839E-12 -5.06912E-12  4.03508E-13  2.37162E-11
   10  0.00000E+00  0.00000E+00  0.00000E+00  0.00000E+00  0.00000E+00  0.00000E+00  0.00000E+00  0.00000E+00
