  258    8    1  100   32
time step=      0
 0.000E+00
 0.268E-14
 0.536E-14
 0.803E-14
 0.107E-13
 0.134E-13
 0.161E-13
 0.187E-13
 0.214E-13
 0.241E-13
 0.268E-13
 0.295E-13
 0.321E-13
 0.348E-13
 0.375E-13
 0.402E-13
 0.429E-13
 0.455E-13
 0.482E-13
 0.509E-13
 0.536E-13
 0.562E-13
 0.589E-13
 0.616E-13
 0.643E-13
 0.670E-13
 0.696E-13
 0.723E-13
 0.750E-13
 0.777E-13
 0.804E-13
 0.830E-13
 0.857E-13
 0.884E-13
 0.911E-13
 0.938E-13
 0.964E-13
 0.991E-13
 0.102E-12
 0.104E-12
 0.107E-12
 0.110E-12
 0.113E-12
 0.115E-12
 0.118E-12
 0.121E-12
 0.123E-12
 0.126E-12
 0.129E-12
 0.131E-12
 0.134E-12
 0.137E-12
 0.140E-12
 0.142E-12
 0.145E-12
 0.148E-12
 0.150E-12
 0.153E-12
 0.156E-12
 0.159E-12
 0.161E-12
 0.164E-12
 0.167E-12
 0.170E-12
 0.172E-12
 0.175E-12
 0.178E-12
 0.181E-12
 0.184E-12
 0.187E-12
 0.190E-12
 0.193E-12
 0.196E-12
 0.199E-12
 0.202E-12
 0.205E-12
 0.208E-12
 0.211E-12
 0.214E-12
 0.218E-12
 0.222E-12
 0.226E-12
 0.230E-12
 0.235E-12
 0.239E-12
 0.244E-12
 0.248E-12
 0.252E-12
 0.257E-12
 0.263E-12
 0.267E-12
 0.273E-12
 0.278E-12
 0.283E-12
 0.287E-12
 0.291E-12
 0.295E-12
 0.298E-12
 0.300E-12
 0.303E-12
 0.303E-12
 0.305E-12
 0.309E-12
 0.310E-12
 0.310E-12
 0.312E-12
 0.315E-12
 0.317E-12
 0.321E-12
 0.326E-12
 0.329E-12
 0.334E-12
 0.340E-12
 0.344E-12
 0.348E-12
 0.351E-12
 0.352E-12
 0.354E-12
 0.357E-12
 0.357E-12
 0.360E-12
 0.360E-12
 0.362E-12
 0.364E-12
 0.364E-12
 0.362E-12
 0.362E-12
 0.360E-12
 0.357E-12
 0.355E-12
 0.352E-12
 0.349E-12
 0.346E-12
 0.342E-12
 0.339E-12
 0.337E-12
 0.335E-12
 0.332E-12
 0.331E-12
 0.330E-12
 0.328E-12
 0.326E-12
 0.325E-12
 0.324E-12
 0.323E-12
 0.321E-12
 0.320E-12
 0.318E-12
 0.316E-12
 0.314E-12
 0.313E-12
 0.310E-12
 0.309E-12
 0.306E-12
 0.304E-12
 0.302E-12
 0.298E-12
 0.295E-12
 0.291E-12
 0.288E-12
 0.285E-12
 0.282E-12
 0.279E-12
 0.276E-12
 0.273E-12
 0.270E-12
 0.267E-12
 0.264E-12
 0.261E-12
 0.258E-12
 0.255E-12
 0.252E-12
 0.248E-12
 0.245E-12
 0.242E-12
 0.239E-12
 0.236E-12
 0.233E-12
 0.230E-12
 0.227E-12
 0.224E-12
 0.221E-12
 0.218E-12
 0.215E-12
 0.212E-12
 0.209E-12
 0.206E-12
 0.203E-12
 0.200E-12
 0.197E-12
 0.194E-12
 0.192E-12
 0.189E-12
 0.186E-12
 0.183E-12
 0.180E-12
 0.177E-12
 0.174E-12
 0.171E-12
 0.169E-12
 0.166E-12
 0.163E-12
 0.160E-12
 0.157E-12
 0.154E-12
 0.151E-12
 0.149E-12
 0.146E-12
 0.143E-12
 0.140E-12
 0.137E-12
 0.134E-12
 0.131E-12
 0.129E-12
 0.126E-12
 0.123E-12
 0.120E-12
 0.117E-12
 0.114E-12
 0.111E-12
 0.109E-12
 0.106E-12
 0.103E-12
 0.100E-12
 0.972E-13
 0.943E-13
 0.915E-13
 0.886E-13
 0.857E-13
 0.829E-13
 0.800E-13
 0.772E-13
 0.743E-13
 0.715E-13
 0.686E-13
 0.657E-13
 0.629E-13
 0.600E-13
 0.572E-13
 0.543E-13
 0.514E-13
 0.486E-13
 0.457E-13
 0.429E-13
 0.400E-13
 0.372E-13
 0.343E-13
 0.314E-13
 0.286E-13
 0.257E-13
 0.229E-13
 0.200E-13
 0.171E-13
 0.143E-13
 0.114E-13
 0.857E-14
 0.572E-14
 0.286E-14
 0.000E+00
 0.000E+00
 0.268E-14
 0.536E-14
 0.803E-14
 0.107E-13
 0.134E-13
 0.161E-13
 0.187E-13
 0.214E-13
 0.241E-13
 0.268E-13
 0.295E-13
 0.321E-13
 0.348E-13
 0.375E-13
 0.402E-13
 0.428E-13
 0.455E-13
 0.482E-13
 0.509E-13
 0.536E-13
 0.562E-13
 0.589E-13
 0.616E-13
 0.643E-13
 0.670E-13
 0.696E-13
 0.723E-13
 0.750E-13
 0.777E-13
 0.803E-13
 0.830E-13
 0.857E-13
 0.884E-13
 0.911E-13
 0.937E-13
 0.964E-13
 0.991E-13
 0.102E-12
 0.104E-12
 0.107E-12
 0.110E-12
 0.113E-12
 0.115E-12
 0.118E-12
 0.121E-12
 0.123E-12
 0.126E-12
 0.129E-12
 0.131E-12
 0.134E-12
 0.137E-12
 0.139E-12
 0.142E-12
 0.145E-12
 0.147E-12
 0.150E-12
 0.153E-12
 0.156E-12
 0.158E-12
 0.161E-12
 0.164E-12
 0.166E-12
 0.169E-12
 0.172E-12
 0.174E-12
 0.177E-12
 0.180E-12
 0.183E-12
 0.186E-12
 0.189E-12
 0.191E-12
 0.194E-12
 0.198E-12
 0.200E-12
 0.203E-12
 0.206E-12
 0.209E-12
 0.212E-12
 0.216E-12
 0.219E-12
 0.223E-12
 0.227E-12
 0.231E-12
 0.235E-12
 0.240E-12
 0.243E-12
 0.247E-12
 0.252E-12
 0.257E-12
 0.261E-12
 0.267E-12
 0.272E-12
 0.277E-12
 0.281E-12
 0.286E-12
 0.289E-12
 0.292E-12
 0.294E-12
 0.297E-12
 0.296E-12
 0.298E-12
 0.302E-12
 0.302E-12
 0.301E-12
 0.302E-12
 0.304E-12
 0.306E-12
 0.310E-12
 0.315E-12
 0.317E-12
 0.322E-12
 0.328E-12
 0.332E-12
 0.336E-12
 0.339E-12
 0.340E-12
 0.341E-12
 0.344E-12
 0.346E-12
 0.349E-12
 0.349E-12
 0.351E-12
 0.354E-12
 0.351E-12
 0.350E-12
 0.351E-12
 0.350E-12
 0.347E-12
 0.344E-12
 0.341E-12
 0.338E-12
 0.335E-12
 0.331E-12
 0.329E-12
 0.326E-12
 0.324E-12
 0.322E-12
 0.321E-12
 0.320E-12
 0.319E-12
 0.317E-12
 0.316E-12
 0.316E-12
 0.315E-12
 0.314E-12
 0.312E-12
 0.311E-12
 0.309E-12
 0.307E-12
 0.307E-12
 0.304E-12
 0.302E-12
 0.300E-12
 0.299E-12
 0.296E-12
 0.293E-12
 0.290E-12
 0.287E-12
 0.284E-12
 0.281E-12
 0.278E-12
 0.276E-12
 0.273E-12
 0.270E-12
 0.267E-12
 0.264E-12
 0.262E-12
 0.259E-12
 0.256E-12
 0.253E-12
 0.250E-12
 0.247E-12
 0.244E-12
 0.241E-12
 0.238E-12
 0.235E-12
 0.232E-12
 0.229E-12
 0.226E-12
 0.224E-12
 0.221E-12
 0.218E-12
 0.215E-12
 0.212E-12
 0.209E-12
 0.206E-12
 0.203E-12
 0.200E-12
 0.197E-12
 0.194E-12
 0.192E-12
 0.189E-12
 0.186E-12
 0.183E-12
 0.180E-12
 0.177E-12
 0.174E-12
 0.171E-12
 0.169E-12
 0.166E-12
 0.163E-12
 0.160E-12
 0.157E-12
 0.154E-12
 0.151E-12
 0.149E-12
 0.146E-12
 0.143E-12
 0.140E-12
 0.137E-12
 0.134E-12
 0.131E-12
 0.129E-12
 0.126E-12
 0.123E-12
 0.120E-12
 0.117E-12
 0.114E-12
 0.111E-12
 0.109E-12
 0.106E-12
 0.103E-12
 0.100E-12
 0.972E-13
 0.943E-13
 0.915E-13
 0.886E-13
 0.857E-13
 0.829E-13
 0.800E-13
 0.772E-13
 0.743E-13
 0.715E-13
 0.686E-13
 0.657E-13
 0.629E-13
 0.600E-13
 0.572E-13
 0.543E-13
 0.514E-13
 0.486E-13
 0.457E-13
 0.429E-13
 0.400E-13
 0.372E-13
 0.343E-13
 0.314E-13
 0.286E-13
 0.257E-13
 0.229E-13
 0.200E-13
 0.171E-13
 0.143E-13
 0.114E-13
 0.857E-14
 0.572E-14
 0.286E-14
 0.000E+00
 0.000E+00
 0.268E-14
 0.536E-14
 0.803E-14
 0.107E-13
 0.134E-13
 0.161E-13
 0.187E-13
 0.214E-13
 0.241E-13
 0.268E-13
 0.295E-13
 0.321E-13
 0.348E-13
 0.375E-13
 0.402E-13
 0.428E-13
 0.455E-13
 0.482E-13
 0.509E-13
 0.536E-13
 0.562E-13
 0.589E-13
 0.616E-13
 0.643E-13
 0.669E-13
 0.696E-13
 0.723E-13
 0.750E-13
 0.776E-13
 0.803E-13
 0.830E-13
 0.857E-13
 0.883E-13
 0.910E-13
 0.937E-13
 0.964E-13
 0.990E-13
 0.102E-12
 0.104E-12
 0.107E-12
 0.110E-12
 0.112E-12
 0.115E-12
 0.118E-12
 0.120E-12
 0.123E-12
 0.126E-12
 0.128E-12
 0.131E-12
 0.133E-12
 0.136E-12
 0.138E-12
 0.141E-12
 0.144E-12
 0.146E-12
 0.149E-12
 0.151E-12
 0.154E-12
 0.156E-12
 0.158E-12
 0.161E-12
 0.163E-12
 0.165E-12
 0.168E-12
 0.170E-12
 0.172E-12
 0.174E-12
 0.176E-12
 0.178E-12
 0.180E-12
 0.182E-12
 0.185E-12
 0.187E-12
 0.188E-12
 0.190E-12
 0.191E-12
 0.193E-12
 0.194E-12
 0.196E-12
 0.197E-12
 0.200E-12
 0.200E-12
 0.201E-12
 0.203E-12
 0.205E-12
 0.206E-12
 0.207E-12
 0.210E-12
 0.210E-12
 0.212E-12
 0.215E-12
 0.221E-12
 0.222E-12
 0.226E-12
 0.229E-12
 0.229E-12
 0.228E-12
 0.224E-12
 0.224E-12
 0.221E-12
 0.221E-12
 0.221E-12
 0.218E-12
 0.213E-12
 0.209E-12
 0.209E-12
 0.206E-12
 0.208E-12
 0.213E-12
 0.210E-12
 0.214E-12
 0.220E-12
 0.225E-12
 0.225E-12
 0.227E-12
 0.225E-12
 0.226E-12
 0.227E-12
 0.229E-12
 0.235E-12
 0.236E-12
 0.239E-12
 0.244E-12
 0.242E-12
 0.240E-12
 0.243E-12
 0.243E-12
 0.245E-12
 0.246E-12
 0.245E-12
 0.245E-12
 0.247E-12
 0.241E-12
 0.243E-12
 0.243E-12
 0.242E-12
 0.246E-12
 0.247E-12
 0.250E-12
 0.251E-12
 0.250E-12
 0.254E-12
 0.256E-12
 0.258E-12
 0.259E-12
 0.259E-12
 0.262E-12
 0.264E-12
 0.265E-12
 0.268E-12
 0.267E-12
 0.266E-12
 0.267E-12
 0.268E-12
 0.267E-12
 0.268E-12
 0.266E-12
 0.265E-12
 0.264E-12
 0.262E-12
 0.262E-12
 0.261E-12
 0.259E-12
 0.258E-12
 0.256E-12
 0.254E-12
 0.253E-12
 0.251E-12
 0.249E-12
 0.247E-12
 0.244E-12
 0.242E-12
 0.240E-12
 0.237E-12
 0.235E-12
 0.232E-12
 0.230E-12
 0.227E-12
 0.224E-12
 0.222E-12
 0.219E-12
 0.216E-12
 0.213E-12
 0.211E-12
 0.208E-12
 0.205E-12
 0.202E-12
 0.200E-12
 0.197E-12
 0.194E-12
 0.191E-12
 0.188E-12
 0.186E-12
 0.183E-12
 0.180E-12
 0.177E-12
 0.174E-12
 0.171E-12
 0.169E-12
 0.166E-12
 0.163E-12
 0.160E-12
 0.157E-12
 0.154E-12
 0.151E-12
 0.149E-12
 0.146E-12
 0.143E-12
 0.140E-12
 0.137E-12
 0.134E-12
 0.131E-12
 0.129E-12
 0.126E-12
 0.123E-12
 0.120E-12
 0.117E-12
 0.114E-12
 0.111E-12
 0.109E-12
 0.106E-12
 0.103E-12
 0.100E-12
 0.972E-13
 0.943E-13
 0.915E-13
 0.886E-13
 0.857E-13
 0.829E-13
 0.800E-13
 0.772E-13
 0.743E-13
 0.715E-13
 0.686E-13
 0.657E-13
 0.629E-13
 0.600E-13
 0.572E-13
 0.543E-13
 0.514E-13
 0.486E-13
 0.457E-13
 0.429E-13
 0.400E-13
 0.372E-13
 0.343E-13
 0.314E-13
 0.286E-13
 0.257E-13
 0.229E-13
 0.200E-13
 0.171E-13
 0.143E-13
 0.114E-13
 0.857E-14
 0.572E-14
 0.286E-14
 0.000E+00
 0.000E+00
 0.268E-14
 0.536E-14
 0.803E-14
 0.107E-13
 0.134E-13
 0.161E-13
 0.187E-13
 0.214E-13
 0.241E-13
 0.268E-13
 0.295E-13
 0.321E-13
 0.348E-13
 0.375E-13
 0.402E-13
 0.428E-13
 0.455E-13
 0.482E-13
 0.509E-13
 0.536E-13
 0.562E-13
 0.589E-13
 0.616E-13
 0.643E-13
 0.669E-13
 0.696E-13
 0.723E-13
 0.749E-13
 0.776E-13
 0.803E-13
 0.830E-13
 0.856E-13
 0.883E-13
 0.909E-13
 0.936E-13
 0.962E-13
 0.989E-13
 0.102E-12
 0.104E-12
 0.107E-12
 0.109E-12
 0.112E-12
 0.115E-12
 0.117E-12
 0.120E-12
 0.122E-12
 0.125E-12
 0.127E-12
 0.130E-12
 0.132E-12
 0.135E-12
 0.137E-12
 0.139E-12
 0.142E-12
 0.144E-12
 0.146E-12
 0.148E-12
 0.150E-12
 0.152E-12
 0.154E-12
 0.156E-12
 0.157E-12
 0.159E-12
 0.160E-12
 0.162E-12
 0.163E-12
 0.163E-12
 0.164E-12
 0.165E-12
 0.166E-12
 0.166E-12
 0.168E-12
 0.168E-12
 0.168E-12
 0.167E-12
 0.166E-12
 0.164E-12
 0.163E-12
 0.162E-12
 0.158E-12
 0.159E-12
 0.154E-12
 0.152E-12
 0.150E-12
 0.147E-12
 0.144E-12
 0.141E-12
 0.138E-12
 0.132E-12
 0.131E-12
 0.128E-12
 0.133E-12
 0.128E-12
 0.130E-12
 0.130E-12
 0.123E-12
 0.116E-12
 0.101E-12
 0.952E-13
 0.891E-13
 0.850E-13
 0.804E-13
 0.712E-13
 0.611E-13
 0.505E-13
 0.457E-13
 0.381E-13
 0.343E-13
 0.373E-13
 0.287E-13
 0.322E-13
 0.372E-13
 0.462E-13
 0.406E-13
 0.384E-13
 0.304E-13
 0.343E-13
 0.310E-13
 0.283E-13
 0.400E-13
 0.426E-13
 0.440E-13
 0.559E-13
 0.584E-13
 0.544E-13
 0.621E-13
 0.617E-13
 0.704E-13
 0.819E-13
 0.852E-13
 0.890E-13
 0.998E-13
 0.927E-13
 0.979E-13
 0.107E-12
 0.107E-12
 0.122E-12
 0.125E-12
 0.134E-12
 0.139E-12
 0.142E-12
 0.151E-12
 0.157E-12
 0.163E-12
 0.169E-12
 0.173E-12
 0.182E-12
 0.189E-12
 0.195E-12
 0.203E-12
 0.205E-12
 0.208E-12
 0.214E-12
 0.218E-12
 0.221E-12
 0.226E-12
 0.228E-12
 0.230E-12
 0.231E-12
 0.231E-12
 0.235E-12
 0.237E-12
 0.238E-12
 0.239E-12
 0.239E-12
 0.238E-12
 0.238E-12
 0.238E-12
 0.238E-12
 0.237E-12
 0.235E-12
 0.234E-12
 0.232E-12
 0.230E-12
 0.229E-12
 0.227E-12
 0.225E-12
 0.223E-12
 0.221E-12
 0.219E-12
 0.216E-12
 0.214E-12
 0.211E-12
 0.209E-12
 0.206E-12
 0.204E-12
 0.201E-12
 0.199E-12
 0.196E-12
 0.193E-12
 0.191E-12
 0.188E-12
 0.185E-12
 0.182E-12
 0.180E-12
 0.177E-12
 0.174E-12
 0.171E-12
 0.168E-12
 0.166E-12
 0.163E-12
 0.160E-12
 0.157E-12
 0.154E-12
 0.151E-12
 0.149E-12
 0.146E-12
 0.143E-12
 0.140E-12
 0.137E-12
 0.134E-12
 0.131E-12
 0.129E-12
 0.126E-12
 0.123E-12
 0.120E-12
 0.117E-12
 0.114E-12
 0.111E-12
 0.109E-12
 0.106E-12
 0.103E-12
 0.100E-12
 0.972E-13
 0.943E-13
 0.915E-13
 0.886E-13
 0.857E-13
 0.829E-13
 0.800E-13
 0.772E-13
 0.743E-13
 0.715E-13
 0.686E-13
 0.657E-13
 0.629E-13
 0.600E-13
 0.572E-13
 0.543E-13
 0.514E-13
 0.486E-13
 0.457E-13
 0.429E-13
 0.400E-13
 0.372E-13
 0.343E-13
 0.314E-13
 0.286E-13
 0.257E-13
 0.229E-13
 0.200E-13
 0.171E-13
 0.143E-13
 0.114E-13
 0.857E-14
 0.572E-14
 0.286E-14
 0.000E+00
 0.000E+00
 0.268E-14
 0.536E-14
 0.803E-14
 0.107E-13
 0.134E-13
 0.161E-13
 0.187E-13
 0.214E-13
 0.241E-13
 0.268E-13
 0.295E-13
 0.321E-13
 0.348E-13
 0.375E-13
 0.402E-13
 0.428E-13
 0.455E-13
 0.482E-13
 0.509E-13
 0.536E-13
 0.562E-13
 0.589E-13
 0.616E-13
 0.643E-13
 0.669E-13
 0.696E-13
 0.723E-13
 0.749E-13
 0.776E-13
 0.803E-13
 0.829E-13
 0.856E-13
 0.882E-13
 0.909E-13
 0.935E-13
 0.962E-13
 0.988E-13
 0.101E-12
 0.104E-12
 0.107E-12
 0.109E-12
 0.112E-12
 0.114E-12
 0.117E-12
 0.119E-12
 0.122E-12
 0.124E-12
 0.127E-12
 0.129E-12
 0.132E-12
 0.134E-12
 0.136E-12
 0.138E-12
 0.141E-12
 0.143E-12
 0.145E-12
 0.147E-12
 0.148E-12
 0.150E-12
 0.152E-12
 0.153E-12
 0.154E-12
 0.156E-12
 0.157E-12
 0.158E-12
 0.158E-12
 0.158E-12
 0.159E-12
 0.158E-12
 0.160E-12
 0.158E-12
 0.160E-12
 0.159E-12
 0.157E-12
 0.155E-12
 0.154E-12
 0.150E-12
 0.147E-12
 0.145E-12
 0.138E-12
 0.137E-12
 0.131E-12
 0.128E-12
 0.124E-12
 0.119E-12
 0.115E-12
 0.108E-12
 0.102E-12
 0.933E-13
 0.917E-13
 0.847E-13
 0.896E-13
 0.794E-13
 0.799E-13
 0.776E-13
 0.671E-13
 0.569E-13
 0.369E-13
 0.269E-13
 0.206E-13
 0.129E-13
 0.875E-14
-0.355E-14
-0.151E-13
-0.273E-13
-0.355E-13
-0.451E-13
-0.511E-13
-0.512E-13
-0.609E-13
-0.566E-13
-0.525E-13
-0.402E-13
-0.483E-13
-0.533E-13
-0.638E-13
-0.570E-13
-0.635E-13
-0.724E-13
-0.572E-13
-0.547E-13
-0.559E-13
-0.399E-13
-0.315E-13
-0.380E-13
-0.265E-13
-0.281E-13
-0.173E-13
 0.834E-15
 0.695E-14
 0.115E-13
 0.274E-13
 0.217E-13
 0.262E-13
 0.424E-13
 0.436E-13
 0.645E-13
 0.669E-13
 0.799E-13
 0.849E-13
 0.902E-13
 0.102E-12
 0.110E-12
 0.118E-12
 0.125E-12
 0.132E-12
 0.144E-12
 0.153E-12
 0.161E-12
 0.171E-12
 0.175E-12
 0.181E-12
 0.189E-12
 0.195E-12
 0.199E-12
 0.207E-12
 0.210E-12
 0.213E-12
 0.216E-12
 0.217E-12
 0.222E-12
 0.225E-12
 0.227E-12
 0.230E-12
 0.231E-12
 0.231E-12
 0.232E-12
 0.232E-12
 0.232E-12
 0.232E-12
 0.231E-12
 0.230E-12
 0.229E-12
 0.227E-12
 0.226E-12
 0.225E-12
 0.223E-12
 0.221E-12
 0.219E-12
 0.217E-12
 0.215E-12
 0.213E-12
 0.210E-12
 0.208E-12
 0.206E-12
 0.203E-12
 0.201E-12
 0.198E-12
 0.196E-12
 0.193E-12
 0.190E-12
 0.188E-12
 0.185E-12
 0.182E-12
 0.179E-12
 0.177E-12
 0.174E-12
 0.171E-12
 0.168E-12
 0.165E-12
 0.163E-12
 0.160E-12
 0.157E-12
 0.154E-12
 0.151E-12
 0.149E-12
 0.146E-12
 0.143E-12
 0.140E-12
 0.137E-12
 0.134E-12
 0.131E-12
 0.129E-12
 0.126E-12
 0.123E-12
 0.120E-12
 0.117E-12
 0.114E-12
 0.111E-12
 0.109E-12
 0.106E-12
 0.103E-12
 0.100E-12
 0.972E-13
 0.943E-13
 0.915E-13
 0.886E-13
 0.857E-13
 0.829E-13
 0.800E-13
 0.772E-13
 0.743E-13
 0.715E-13
 0.686E-13
 0.657E-13
 0.629E-13
 0.600E-13
 0.572E-13
 0.543E-13
 0.514E-13
 0.486E-13
 0.457E-13
 0.429E-13
 0.400E-13
 0.372E-13
 0.343E-13
 0.314E-13
 0.286E-13
 0.257E-13
 0.229E-13
 0.200E-13
 0.171E-13
 0.143E-13
 0.114E-13
 0.857E-14
 0.572E-14
 0.286E-14
 0.000E+00
 0.000E+00
 0.268E-14
 0.536E-14
 0.803E-14
 0.107E-13
 0.134E-13
 0.161E-13
 0.187E-13
 0.214E-13
 0.241E-13
 0.268E-13
 0.295E-13
 0.321E-13
 0.348E-13
 0.375E-13
 0.402E-13
 0.428E-13
 0.455E-13
 0.482E-13
 0.509E-13
 0.536E-13
 0.562E-13
 0.589E-13
 0.616E-13
 0.643E-13
 0.669E-13
 0.696E-13
 0.723E-13
 0.749E-13
 0.776E-13
 0.803E-13
 0.830E-13
 0.856E-13
 0.883E-13
 0.909E-13
 0.936E-13
 0.962E-13
 0.989E-13
 0.102E-12
 0.104E-12
 0.107E-12
 0.109E-12
 0.112E-12
 0.115E-12
 0.117E-12
 0.120E-12
 0.122E-12
 0.125E-12
 0.127E-12
 0.130E-12
 0.132E-12
 0.135E-12
 0.137E-12
 0.139E-12
 0.142E-12
 0.144E-12
 0.146E-12
 0.148E-12
 0.150E-12
 0.152E-12
 0.154E-12
 0.156E-12
 0.158E-12
 0.160E-12
 0.161E-12
 0.162E-12
 0.163E-12
 0.164E-12
 0.166E-12
 0.166E-12
 0.168E-12
 0.168E-12
 0.170E-12
 0.170E-12
 0.169E-12
 0.168E-12
 0.168E-12
 0.166E-12
 0.165E-12
 0.164E-12
 0.160E-12
 0.161E-12
 0.158E-12
 0.157E-12
 0.156E-12
 0.154E-12
 0.153E-12
 0.148E-12
 0.144E-12
 0.140E-12
 0.140E-12
 0.136E-12
 0.141E-12
 0.133E-12
 0.134E-12
 0.133E-12
 0.126E-12
 0.119E-12
 0.106E-12
 0.980E-13
 0.943E-13
 0.886E-13
 0.887E-13
 0.799E-13
 0.724E-13
 0.656E-13
 0.591E-13
 0.533E-13
 0.506E-13
 0.499E-13
 0.454E-13
 0.506E-13
 0.546E-13
 0.661E-13
 0.617E-13
 0.585E-13
 0.513E-13
 0.582E-13
 0.534E-13
 0.431E-13
 0.554E-13
 0.562E-13
 0.541E-13
 0.672E-13
 0.758E-13
 0.699E-13
 0.799E-13
 0.774E-13
 0.832E-13
 0.968E-13
 0.101E-12
 0.102E-12
 0.113E-12
 0.110E-12
 0.110E-12
 0.124E-12
 0.125E-12
 0.139E-12
 0.139E-12
 0.149E-12
 0.151E-12
 0.155E-12
 0.163E-12
 0.168E-12
 0.173E-12
 0.178E-12
 0.183E-12
 0.191E-12
 0.196E-12
 0.201E-12
 0.208E-12
 0.211E-12
 0.215E-12
 0.221E-12
 0.224E-12
 0.227E-12
 0.231E-12
 0.232E-12
 0.233E-12
 0.235E-12
 0.235E-12
 0.237E-12
 0.239E-12
 0.240E-12
 0.241E-12
 0.241E-12
 0.240E-12
 0.240E-12
 0.239E-12
 0.239E-12
 0.238E-12
 0.236E-12
 0.234E-12
 0.233E-12
 0.231E-12
 0.229E-12
 0.228E-12
 0.225E-12
 0.223E-12
 0.221E-12
 0.219E-12
 0.216E-12
 0.214E-12
 0.212E-12
 0.209E-12
 0.206E-12
 0.204E-12
 0.201E-12
 0.199E-12
 0.196E-12
 0.193E-12
 0.191E-12
 0.188E-12
 0.185E-12
 0.182E-12
 0.180E-12
 0.177E-12
 0.174E-12
 0.171E-12
 0.168E-12
 0.166E-12
 0.163E-12
 0.160E-12
 0.157E-12
 0.154E-12
 0.151E-12
 0.149E-12
 0.146E-12
 0.143E-12
 0.140E-12
 0.137E-12
 0.134E-12
 0.131E-12
 0.129E-12
 0.126E-12
 0.123E-12
 0.120E-12
 0.117E-12
 0.114E-12
 0.111E-12
 0.109E-12
 0.106E-12
 0.103E-12
 0.100E-12
 0.972E-13
 0.943E-13
 0.915E-13
 0.886E-13
 0.857E-13
 0.829E-13
 0.800E-13
 0.772E-13
 0.743E-13
 0.715E-13
 0.686E-13
 0.657E-13
 0.629E-13
 0.600E-13
 0.572E-13
 0.543E-13
 0.514E-13
 0.486E-13
 0.457E-13
 0.429E-13
 0.400E-13
 0.372E-13
 0.343E-13
 0.314E-13
 0.286E-13
 0.257E-13
 0.229E-13
 0.200E-13
 0.171E-13
 0.143E-13
 0.114E-13
 0.857E-14
 0.572E-14
 0.286E-14
 0.000E+00
 0.000E+00
 0.268E-14
 0.536E-14
 0.803E-14
 0.107E-13
 0.134E-13
 0.161E-13
 0.187E-13
 0.214E-13
 0.241E-13
 0.268E-13
 0.295E-13
 0.321E-13
 0.348E-13
 0.375E-13
 0.402E-13
 0.428E-13
 0.455E-13
 0.482E-13
 0.509E-13
 0.536E-13
 0.562E-13
 0.589E-13
 0.616E-13
 0.643E-13
 0.669E-13
 0.696E-13
 0.723E-13
 0.750E-13
 0.777E-13
 0.803E-13
 0.830E-13
 0.857E-13
 0.884E-13
 0.910E-13
 0.937E-13
 0.964E-13
 0.990E-13
 0.102E-12
 0.104E-12
 0.107E-12
 0.110E-12
 0.112E-12
 0.115E-12
 0.118E-12
 0.120E-12
 0.123E-12
 0.126E-12
 0.128E-12
 0.131E-12
 0.133E-12
 0.136E-12
 0.139E-12
 0.141E-12
 0.144E-12
 0.146E-12
 0.149E-12
 0.151E-12
 0.154E-12
 0.156E-12
 0.159E-12
 0.161E-12
 0.163E-12
 0.166E-12
 0.168E-12
 0.170E-12
 0.172E-12
 0.175E-12
 0.177E-12
 0.179E-12
 0.182E-12
 0.184E-12
 0.186E-12
 0.188E-12
 0.190E-12
 0.191E-12
 0.193E-12
 0.194E-12
 0.196E-12
 0.198E-12
 0.199E-12
 0.202E-12
 0.203E-12
 0.207E-12
 0.209E-12
 0.212E-12
 0.214E-12
 0.215E-12
 0.216E-12
 0.218E-12
 0.221E-12
 0.223E-12
 0.228E-12
 0.228E-12
 0.230E-12
 0.232E-12
 0.233E-12
 0.232E-12
 0.229E-12
 0.227E-12
 0.226E-12
 0.226E-12
 0.229E-12
 0.227E-12
 0.224E-12
 0.224E-12
 0.222E-12
 0.222E-12
 0.224E-12
 0.226E-12
 0.227E-12
 0.233E-12
 0.237E-12
 0.245E-12
 0.246E-12
 0.247E-12
 0.245E-12
 0.250E-12
 0.249E-12
 0.244E-12
 0.250E-12
 0.250E-12
 0.249E-12
 0.256E-12
 0.259E-12
 0.256E-12
 0.261E-12
 0.258E-12
 0.258E-12
 0.261E-12
 0.261E-12
 0.259E-12
 0.261E-12
 0.258E-12
 0.255E-12
 0.260E-12
 0.259E-12
 0.262E-12
 0.261E-12
 0.264E-12
 0.263E-12
 0.263E-12
 0.266E-12
 0.267E-12
 0.268E-12
 0.268E-12
 0.269E-12
 0.270E-12
 0.271E-12
 0.272E-12
 0.273E-12
 0.273E-12
 0.274E-12
 0.274E-12
 0.274E-12
 0.273E-12
 0.273E-12
 0.271E-12
 0.269E-12
 0.267E-12
 0.265E-12
 0.264E-12
 0.263E-12
 0.262E-12
 0.260E-12
 0.258E-12
 0.256E-12
 0.254E-12
 0.252E-12
 0.250E-12
 0.248E-12
 0.245E-12
 0.243E-12
 0.240E-12
 0.238E-12
 0.235E-12
 0.233E-12
 0.230E-12
 0.227E-12
 0.225E-12
 0.222E-12
 0.219E-12
 0.216E-12
 0.214E-12
 0.211E-12
 0.208E-12
 0.205E-12
 0.202E-12
 0.200E-12
 0.197E-12
 0.194E-12
 0.191E-12
 0.188E-12
 0.186E-12
 0.183E-12
 0.180E-12
 0.177E-12
 0.174E-12
 0.171E-12
 0.169E-12
 0.166E-12
 0.163E-12
 0.160E-12
 0.157E-12
 0.154E-12
 0.151E-12
 0.149E-12
 0.146E-12
 0.143E-12
 0.140E-12
 0.137E-12
 0.134E-12
 0.131E-12
 0.129E-12
 0.126E-12
 0.123E-12
 0.120E-12
 0.117E-12
 0.114E-12
 0.111E-12
 0.109E-12
 0.106E-12
 0.103E-12
 0.100E-12
 0.972E-13
 0.943E-13
 0.915E-13
 0.886E-13
 0.857E-13
 0.829E-13
 0.800E-13
 0.772E-13
 0.743E-13
 0.715E-13
 0.686E-13
 0.657E-13
 0.629E-13
 0.600E-13
 0.572E-13
 0.543E-13
 0.514E-13
 0.486E-13
 0.457E-13
 0.429E-13
 0.400E-13
 0.372E-13
 0.343E-13
 0.314E-13
 0.286E-13
 0.257E-13
 0.229E-13
 0.200E-13
 0.171E-13
 0.143E-13
 0.114E-13
 0.857E-14
 0.572E-14
 0.286E-14
 0.000E+00
 0.000E+00
 0.268E-14
 0.536E-14
 0.803E-14
 0.107E-13
 0.134E-13
 0.161E-13
 0.187E-13
 0.214E-13
 0.241E-13
 0.268E-13
 0.295E-13
 0.321E-13
 0.348E-13
 0.375E-13
 0.402E-13
 0.429E-13
 0.455E-13
 0.482E-13
 0.509E-13
 0.536E-13
 0.562E-13
 0.589E-13
 0.616E-13
 0.643E-13
 0.670E-13
 0.696E-13
 0.723E-13
 0.750E-13
 0.777E-13
 0.803E-13
 0.830E-13
 0.857E-13
 0.884E-13
 0.911E-13
 0.937E-13
 0.964E-13
 0.991E-13
 0.102E-12
 0.104E-12
 0.107E-12
 0.110E-12
 0.113E-12
 0.115E-12
 0.118E-12
 0.121E-12
 0.123E-12
 0.126E-12
 0.129E-12
 0.131E-12
 0.134E-12
 0.137E-12
 0.139E-12
 0.142E-12
 0.145E-12
 0.148E-12
 0.150E-12
 0.153E-12
 0.156E-12
 0.158E-12
 0.161E-12
 0.164E-12
 0.167E-12
 0.169E-12
 0.172E-12
 0.175E-12
 0.177E-12
 0.180E-12
 0.183E-12
 0.186E-12
 0.189E-12
 0.192E-12
 0.195E-12
 0.198E-12
 0.201E-12
 0.204E-12
 0.207E-12
 0.210E-12
 0.213E-12
 0.217E-12
 0.220E-12
 0.224E-12
 0.228E-12
 0.233E-12
 0.237E-12
 0.242E-12
 0.246E-12
 0.250E-12
 0.255E-12
 0.260E-12
 0.264E-12
 0.269E-12
 0.275E-12
 0.279E-12
 0.283E-12
 0.287E-12
 0.291E-12
 0.294E-12
 0.296E-12
 0.298E-12
 0.299E-12
 0.301E-12
 0.305E-12
 0.306E-12
 0.306E-12
 0.308E-12
 0.309E-12
 0.313E-12
 0.316E-12
 0.321E-12
 0.324E-12
 0.329E-12
 0.335E-12
 0.340E-12
 0.343E-12
 0.346E-12
 0.348E-12
 0.350E-12
 0.352E-12
 0.351E-12
 0.354E-12
 0.354E-12
 0.355E-12
 0.358E-12
 0.357E-12
 0.356E-12
 0.357E-12
 0.355E-12
 0.352E-12
 0.349E-12
 0.346E-12
 0.344E-12
 0.341E-12
 0.337E-12
 0.333E-12
 0.332E-12
 0.330E-12
 0.328E-12
 0.326E-12
 0.326E-12
 0.323E-12
 0.321E-12
 0.320E-12
 0.319E-12
 0.318E-12
 0.317E-12
 0.315E-12
 0.314E-12
 0.312E-12
 0.310E-12
 0.309E-12
 0.307E-12
 0.305E-12
 0.303E-12
 0.301E-12
 0.299E-12
 0.296E-12
 0.292E-12
 0.289E-12
 0.285E-12
 0.282E-12
 0.279E-12
 0.277E-12
 0.274E-12
 0.271E-12
 0.268E-12
 0.265E-12
 0.262E-12
 0.259E-12
 0.257E-12
 0.254E-12
 0.251E-12
 0.247E-12
 0.244E-12
 0.241E-12
 0.238E-12
 0.235E-12
 0.233E-12
 0.230E-12
 0.227E-12
 0.224E-12
 0.221E-12
 0.218E-12
 0.215E-12
 0.212E-12
 0.209E-12
 0.206E-12
 0.203E-12
 0.200E-12
 0.197E-12
 0.194E-12
 0.192E-12
 0.189E-12
 0.186E-12
 0.183E-12
 0.180E-12
 0.177E-12
 0.174E-12
 0.171E-12
 0.169E-12
 0.166E-12
 0.163E-12
 0.160E-12
 0.157E-12
 0.154E-12
 0.151E-12
 0.149E-12
 0.146E-12
 0.143E-12
 0.140E-12
 0.137E-12
 0.134E-12
 0.131E-12
 0.129E-12
 0.126E-12
 0.123E-12
 0.120E-12
 0.117E-12
 0.114E-12
 0.111E-12
 0.109E-12
 0.106E-12
 0.103E-12
 0.100E-12
 0.972E-13
 0.943E-13
 0.915E-13
 0.886E-13
 0.857E-13
 0.829E-13
 0.800E-13
 0.772E-13
 0.743E-13
 0.715E-13
 0.686E-13
 0.657E-13
 0.629E-13
 0.600E-13
 0.572E-13
 0.543E-13
 0.514E-13
 0.486E-13
 0.457E-13
 0.429E-13
 0.400E-13
 0.372E-13
 0.343E-13
 0.314E-13
 0.286E-13
 0.257E-13
 0.229E-13
 0.200E-13
 0.171E-13
 0.143E-13
 0.114E-13
 0.857E-14
 0.572E-14
 0.286E-14
 0.000E+00
 0.000E+00
 0.268E-14
 0.536E-14
 0.803E-14
 0.107E-13
 0.134E-13
 0.161E-13
 0.187E-13
 0.214E-13
 0.241E-13
 0.268E-13
 0.295E-13
 0.321E-13
 0.348E-13
 0.375E-13
 0.402E-13
 0.429E-13
 0.455E-13
 0.482E-13
 0.509E-13
 0.536E-13
 0.562E-13
 0.589E-13
 0.616E-13
 0.643E-13
 0.670E-13
 0.696E-13
 0.723E-13
 0.750E-13
 0.777E-13
 0.804E-13
 0.830E-13
 0.857E-13
 0.884E-13
 0.911E-13
 0.938E-13
 0.964E-13
 0.991E-13
 0.102E-12
 0.104E-12
 0.107E-12
 0.110E-12
 0.113E-12
 0.115E-12
 0.118E-12
 0.121E-12
 0.123E-12
 0.126E-12
 0.129E-12
 0.131E-12
 0.134E-12
 0.137E-12
 0.140E-12
 0.142E-12
 0.145E-12
 0.148E-12
 0.150E-12
 0.153E-12
 0.156E-12
 0.159E-12
 0.161E-12
 0.164E-12
 0.167E-12
 0.170E-12
 0.172E-12
 0.175E-12
 0.178E-12
 0.181E-12
 0.184E-12
 0.187E-12
 0.190E-12
 0.193E-12
 0.196E-12
 0.199E-12
 0.202E-12
 0.205E-12
 0.208E-12
 0.211E-12
 0.215E-12
 0.218E-12
 0.222E-12
 0.226E-12
 0.230E-12
 0.235E-12
 0.239E-12
 0.244E-12
 0.248E-12
 0.252E-12
 0.257E-12
 0.262E-12
 0.266E-12
 0.272E-12
 0.278E-12
 0.283E-12
 0.287E-12
 0.292E-12
 0.296E-12
 0.298E-12
 0.301E-12
 0.303E-12
 0.304E-12
 0.306E-12
 0.309E-12
 0.310E-12
 0.310E-12
 0.312E-12
 0.314E-12
 0.317E-12
 0.321E-12
 0.326E-12
 0.329E-12
 0.334E-12
 0.339E-12
 0.344E-12
 0.348E-12
 0.351E-12
 0.352E-12
 0.354E-12
 0.356E-12
 0.357E-12
 0.359E-12
 0.360E-12
 0.362E-12
 0.364E-12
 0.362E-12
 0.361E-12
 0.361E-12
 0.359E-12
 0.356E-12
 0.354E-12
 0.351E-12
 0.349E-12
 0.346E-12
 0.342E-12
 0.339E-12
 0.337E-12
 0.334E-12
 0.332E-12
 0.331E-12
 0.330E-12
 0.328E-12
 0.325E-12
 0.324E-12
 0.323E-12
 0.322E-12
 0.321E-12
 0.319E-12
 0.318E-12
 0.316E-12
 0.314E-12
 0.313E-12
 0.310E-12
 0.309E-12
 0.307E-12
 0.305E-12
 0.302E-12
 0.298E-12
 0.295E-12
 0.291E-12
 0.288E-12
 0.285E-12
 0.282E-12
 0.279E-12
 0.276E-12
 0.273E-12
 0.270E-12
 0.267E-12
 0.264E-12
 0.261E-12
 0.258E-12
 0.255E-12
 0.252E-12
 0.248E-12
 0.245E-12
 0.242E-12
 0.239E-12
 0.236E-12
 0.233E-12
 0.230E-12
 0.227E-12
 0.224E-12
 0.221E-12
 0.218E-12
 0.215E-12
 0.212E-12
 0.209E-12
 0.206E-12
 0.203E-12
 0.200E-12
 0.197E-12
 0.194E-12
 0.192E-12
 0.189E-12
 0.186E-12
 0.183E-12
 0.180E-12
 0.177E-12
 0.174E-12
 0.171E-12
 0.169E-12
 0.166E-12
 0.163E-12
 0.160E-12
 0.157E-12
 0.154E-12
 0.151E-12
 0.149E-12
 0.146E-12
 0.143E-12
 0.140E-12
 0.137E-12
 0.134E-12
 0.131E-12
 0.129E-12
 0.126E-12
 0.123E-12
 0.120E-12
 0.117E-12
 0.114E-12
 0.111E-12
 0.109E-12
 0.106E-12
 0.103E-12
 0.100E-12
 0.972E-13
 0.943E-13
 0.915E-13
 0.886E-13
 0.857E-13
 0.829E-13
 0.800E-13
 0.772E-13
 0.743E-13
 0.715E-13
 0.686E-13
 0.657E-13
 0.629E-13
 0.600E-13
 0.572E-13
 0.543E-13
 0.514E-13
 0.486E-13
 0.457E-13
 0.429E-13
 0.400E-13
 0.372E-13
 0.343E-13
 0.314E-13
 0.286E-13
 0.257E-13
 0.229E-13
 0.200E-13
 0.171E-13
 0.143E-13
 0.114E-13
 0.857E-14
 0.572E-14
 0.286E-14
 0.000E+00
